#
# There is insufficient memory for the Java Runtime Environment to continue.
# Native memory allocation (malloc) failed to allocate 865552 bytes for Chunk::new
# Possible reasons:
#   The system is out of physical RAM or swap space
#   The process is running with CompressedOops enabled, and the Java Heap may be blocking the growth of the native heap
# Possible solutions:
#   Reduce memory load on the system
#   Increase physical memory or swap space
#   Check if swap backing store is full
#   Decrease Java heap size (-Xmx/-Xms)
#   Decrease number of Java threads
#   Decrease Java thread stack sizes (-Xss)
#   Set larger code cache with -XX:ReservedCodeCacheSize=
#   JVM is running with Unscaled Compressed Oops mode in which the Java heap is
#     placed in the first 4GB address space. The Java Heap base address is the
#     maximum limit for the native heap growth. Please use -XX:HeapBaseMinAddress
#     to set the Java Heap base and to place the Java Heap above 4GB virtual address.
# This output file may be truncated or incomplete.
#
#  Out of Memory Error (./open/src/hotspot/share/memory/arena.cpp:195), pid=30552, tid=7640
#
# JRE version: OpenJDK Runtime Environment (14.0.2+12) (build 14.0.2+12-46)
# Java VM: OpenJDK 64-Bit Server VM (14.0.2+12-46, mixed mode, sharing, tiered, compressed oops, g1 gc, windows-amd64)
# No core dump will be written. Minidumps are not enabled by default on client versions of Windows
#

---------------  S U M M A R Y ------------

Command Line: -Dfile.encoding=UTF-8 -Duser.country=KR -Duser.language=ko -Duser.variant com.march.treeservice.TreeServiceApplication

Host: Intel(R) Core(TM) i3-8130U CPU @ 2.20GHz, 4 cores, 7G,  Windows 10 , 64 bit Build 19041 (10.0.19041.928)
Time: Sun Jun  6 00:06:48 2021 대한민국 표준시 elapsed time: 11 seconds (0d 0h 0m 11s)

---------------  T H R E A D  ---------------

Current thread (0x0000028363a8f800):  JavaThread "C2 CompilerThread0" daemon [_thread_in_native, id=7640, stack(0x0000008c8cb00000,0x0000008c8cc00000)]


Current CompileTask:
C2:  11321 1789       4       java.net.URLStreamHandler::parseURL (1201 bytes)

Stack: [0x0000008c8cb00000,0x0000008c8cc00000]
Native frames: (J=compiled Java code, j=interpreted, Vv=VM code, C=native code)
V  [jvm.dll+0x5f8a9a]
V  [jvm.dll+0x74247a]
V  [jvm.dll+0x743c2f]
V  [jvm.dll+0x744273]
V  [jvm.dll+0x20d288]
V  [jvm.dll+0xabb07]
V  [jvm.dll+0xac1fc]
V  [jvm.dll+0x31c495]
V  [jvm.dll+0x18ce00]
V  [jvm.dll+0x1e5efa]
V  [jvm.dll+0x1e50b8]
V  [jvm.dll+0x1779cc]
V  [jvm.dll+0x1f4105]
V  [jvm.dll+0x1f22eb]
V  [jvm.dll+0x7070cd]
V  [jvm.dll+0x6ffeda]
V  [jvm.dll+0x5f78f6]
C  [ucrtbase.dll+0x21bb2]
C  [KERNEL32.DLL+0x17034]
C  [ntdll.dll+0x52651]


---------------  P R O C E S S  ---------------

Threads class SMR info:
_java_thread_list=0x0000028364ee3110, length=14, elements={
0x0000028345519800, 0x0000028363a67800, 0x0000028363a6a800, 0x0000028363a89800,
0x0000028363a8c800, 0x0000028363a8e800, 0x0000028363a8f800, 0x0000028363a90800,
0x0000028363abb000, 0x0000028364486800, 0x0000028364491800, 0x00000283650bc000,
0x0000028365106000, 0x00000283654f3000
}

Java Threads: ( => current thread )
  0x0000028345519800 JavaThread "main" [_thread_blocked, id=17592, stack(0x0000008c8bf00000,0x0000008c8c000000)]
  0x0000028363a67800 JavaThread "Reference Handler" daemon [_thread_blocked, id=29376, stack(0x0000008c8c600000,0x0000008c8c700000)]
  0x0000028363a6a800 JavaThread "Finalizer" daemon [_thread_blocked, id=30620, stack(0x0000008c8c700000,0x0000008c8c800000)]
  0x0000028363a89800 JavaThread "Signal Dispatcher" daemon [_thread_blocked, id=15416, stack(0x0000008c8c800000,0x0000008c8c900000)]
  0x0000028363a8c800 JavaThread "Attach Listener" daemon [_thread_blocked, id=22720, stack(0x0000008c8c900000,0x0000008c8ca00000)]
  0x0000028363a8e800 JavaThread "Service Thread" daemon [_thread_blocked, id=11180, stack(0x0000008c8ca00000,0x0000008c8cb00000)]
=>0x0000028363a8f800 JavaThread "C2 CompilerThread0" daemon [_thread_in_native, id=7640, stack(0x0000008c8cb00000,0x0000008c8cc00000)]
  0x0000028363a90800 JavaThread "C1 CompilerThread0" daemon [_thread_blocked, id=28688, stack(0x0000008c8cc00000,0x0000008c8cd00000)]
  0x0000028363abb000 JavaThread "Sweeper thread" daemon [_thread_blocked, id=28928, stack(0x0000008c8cd00000,0x0000008c8ce00000)]
  0x0000028364486800 JavaThread "Notification Thread" daemon [_thread_blocked, id=27028, stack(0x0000008c8ce00000,0x0000008c8cf00000)]
  0x0000028364491800 JavaThread "Common-Cleaner" daemon [_thread_blocked, id=11768, stack(0x0000008c8d000000,0x0000008c8d100000)]
  0x00000283650bc000 JavaThread "Thread-0" [_thread_blocked, id=25660, stack(0x0000008c8d200000,0x0000008c8d300000)]
  0x0000028365106000 JavaThread "restartedMain" [_thread_in_vm, id=18420, stack(0x0000008c8d300000,0x0000008c8d400000)]
  0x00000283654f3000 JavaThread "background-preinit" [_thread_in_Java, id=27024, stack(0x0000008c8d600000,0x0000008c8d700000)]

Other Threads:
  0x0000028363a66000 VMThread "VM Thread" [stack: 0x0000008c8c500000,0x0000008c8c600000] [id=5140]
  0x0000028364487800 WatcherThread [stack: 0x0000008c8cf00000,0x0000008c8d000000] [id=26724]
  0x0000028345558800 GCTaskThread "GC Thread#0" [stack: 0x0000008c8c000000,0x0000008c8c100000] [id=21564]
  0x000002836474e000 GCTaskThread "GC Thread#1" [stack: 0x0000008c8d100000,0x0000008c8d200000] [id=23804]
  0x0000028364c3a800 GCTaskThread "GC Thread#2" [stack: 0x0000008c8d400000,0x0000008c8d500000] [id=4292]
  0x0000028364ee2000 GCTaskThread "GC Thread#3" [stack: 0x0000008c8d500000,0x0000008c8d600000] [id=6096]
  0x000002834556b800 ConcurrentGCThread "G1 Main Marker" [stack: 0x0000008c8c100000,0x0000008c8c200000] [id=23364]
  0x000002834556c800 ConcurrentGCThread "G1 Conc#0" [stack: 0x0000008c8c200000,0x0000008c8c300000] [id=26584]
  0x00000283638c7800 ConcurrentGCThread "G1 Refine#0" [stack: 0x0000008c8c300000,0x0000008c8c400000] [id=30528]
  0x00000283638c8000 ConcurrentGCThread "G1 Young RemSet Sampling" [stack: 0x0000008c8c400000,0x0000008c8c500000] [id=13108]

Threads with active compile tasks:
C2 CompilerThread0    11857 1789       4       java.net.URLStreamHandler::parseURL (1201 bytes)

VM state:not at safepoint (normal execution)

VM Mutex/Monitor currently owned by a thread: None

Heap address: 0x0000000085800000, size: 1960 MB, Compressed Oops mode: 32-bit
Narrow klass base: 0x0000000800000000, Narrow klass shift: 3
Compressed class space size: 1073741824 Address: 0x0000000800b30000

Heap:
 garbage-first heap   total 126976K, used 42062K [0x0000000085800000, 0x0000000100000000)
  region size 1024K, 37 young (37888K), 4 survivors (4096K)
 Metaspace       used 14014K, capacity 14468K, committed 14592K, reserved 1062912K
  class space    used 1854K, capacity 2033K, committed 2048K, reserved 1048576K
Heap Regions: E=young(eden), S=young(survivor), O=old, HS=humongous(starts), HC=humongous(continues), CS=collection set, F=free, OA=open archive, CA=closed archive, TAMS=top-at-mark-start (previous, next)
|   0|0x0000000085800000, 0x0000000085900000, 0x0000000085900000|100%|HS|  |TAMS 0x0000000085800000, 0x0000000085800000| Complete 
|   1|0x0000000085900000, 0x0000000085a00000, 0x0000000085a00000|100%| O|  |TAMS 0x0000000085900000, 0x0000000085900000| Untracked 
|   2|0x0000000085a00000, 0x0000000085b00000, 0x0000000085b00000|100%| O|  |TAMS 0x0000000085a00000, 0x0000000085a00000| Untracked 
|   3|0x0000000085b00000, 0x0000000085c00000, 0x0000000085c00000|100%| O|  |TAMS 0x0000000085b00000, 0x0000000085b00000| Untracked 
|   4|0x0000000085c00000, 0x0000000085d00000, 0x0000000085d00000|100%| O|  |TAMS 0x0000000085c00000, 0x0000000085c00000| Untracked 
|   5|0x0000000085d00000, 0x0000000085e00000, 0x0000000085e00000|100%| O|  |TAMS 0x0000000085d00000, 0x0000000085d00000| Untracked 
|   6|0x0000000085e00000, 0x0000000085ed8c00, 0x0000000085f00000| 84%| O|  |TAMS 0x0000000085e00000, 0x0000000085e00000| Untracked 
|   7|0x0000000085f00000, 0x0000000085f00000, 0x0000000086000000|  0%| F|  |TAMS 0x0000000085f00000, 0x0000000085f00000| Untracked 
|   8|0x0000000086000000, 0x0000000086000000, 0x0000000086100000|  0%| F|  |TAMS 0x0000000086000000, 0x0000000086000000| Untracked 
|   9|0x0000000086100000, 0x0000000086100000, 0x0000000086200000|  0%| F|  |TAMS 0x0000000086100000, 0x0000000086100000| Untracked 
|  10|0x0000000086200000, 0x0000000086200000, 0x0000000086300000|  0%| F|  |TAMS 0x0000000086200000, 0x0000000086200000| Untracked 
|  11|0x0000000086300000, 0x0000000086300000, 0x0000000086400000|  0%| F|  |TAMS 0x0000000086300000, 0x0000000086300000| Untracked 
|  12|0x0000000086400000, 0x0000000086400000, 0x0000000086500000|  0%| F|  |TAMS 0x0000000086400000, 0x0000000086400000| Untracked 
|  13|0x0000000086500000, 0x0000000086500000, 0x0000000086600000|  0%| F|  |TAMS 0x0000000086500000, 0x0000000086500000| Untracked 
|  14|0x0000000086600000, 0x0000000086600000, 0x0000000086700000|  0%| F|  |TAMS 0x0000000086600000, 0x0000000086600000| Untracked 
|  15|0x0000000086700000, 0x0000000086700000, 0x0000000086800000|  0%| F|  |TAMS 0x0000000086700000, 0x0000000086700000| Untracked 
|  16|0x0000000086800000, 0x0000000086800000, 0x0000000086900000|  0%| F|  |TAMS 0x0000000086800000, 0x0000000086800000| Untracked 
|  17|0x0000000086900000, 0x0000000086900000, 0x0000000086a00000|  0%| F|  |TAMS 0x0000000086900000, 0x0000000086900000| Untracked 
|  18|0x0000000086a00000, 0x0000000086a00000, 0x0000000086b00000|  0%| F|  |TAMS 0x0000000086a00000, 0x0000000086a00000| Untracked 
|  19|0x0000000086b00000, 0x0000000086b00000, 0x0000000086c00000|  0%| F|  |TAMS 0x0000000086b00000, 0x0000000086b00000| Untracked 
|  20|0x0000000086c00000, 0x0000000086c00000, 0x0000000086d00000|  0%| F|  |TAMS 0x0000000086c00000, 0x0000000086c00000| Untracked 
|  21|0x0000000086d00000, 0x0000000086d00000, 0x0000000086e00000|  0%| F|  |TAMS 0x0000000086d00000, 0x0000000086d00000| Untracked 
|  22|0x0000000086e00000, 0x0000000086e00000, 0x0000000086f00000|  0%| F|  |TAMS 0x0000000086e00000, 0x0000000086e00000| Untracked 
|  23|0x0000000086f00000, 0x0000000086f00000, 0x0000000087000000|  0%| F|  |TAMS 0x0000000086f00000, 0x0000000086f00000| Untracked 
|  24|0x0000000087000000, 0x0000000087000000, 0x0000000087100000|  0%| F|  |TAMS 0x0000000087000000, 0x0000000087000000| Untracked 
|  25|0x0000000087100000, 0x0000000087100000, 0x0000000087200000|  0%| F|  |TAMS 0x0000000087100000, 0x0000000087100000| Untracked 
|  26|0x0000000087200000, 0x0000000087200000, 0x0000000087300000|  0%| F|  |TAMS 0x0000000087200000, 0x0000000087200000| Untracked 
|  27|0x0000000087300000, 0x0000000087300000, 0x0000000087400000|  0%| F|  |TAMS 0x0000000087300000, 0x0000000087300000| Untracked 
|  28|0x0000000087400000, 0x0000000087400000, 0x0000000087500000|  0%| F|  |TAMS 0x0000000087400000, 0x0000000087400000| Untracked 
|  29|0x0000000087500000, 0x0000000087500000, 0x0000000087600000|  0%| F|  |TAMS 0x0000000087500000, 0x0000000087500000| Untracked 
|  30|0x0000000087600000, 0x0000000087600000, 0x0000000087700000|  0%| F|  |TAMS 0x0000000087600000, 0x0000000087600000| Untracked 
|  31|0x0000000087700000, 0x0000000087700000, 0x0000000087800000|  0%| F|  |TAMS 0x0000000087700000, 0x0000000087700000| Untracked 
|  32|0x0000000087800000, 0x0000000087800000, 0x0000000087900000|  0%| F|  |TAMS 0x0000000087800000, 0x0000000087800000| Untracked 
|  33|0x0000000087900000, 0x0000000087900000, 0x0000000087a00000|  0%| F|  |TAMS 0x0000000087900000, 0x0000000087900000| Untracked 
|  34|0x0000000087a00000, 0x0000000087a00000, 0x0000000087b00000|  0%| F|  |TAMS 0x0000000087a00000, 0x0000000087a00000| Untracked 
|  35|0x0000000087b00000, 0x0000000087b00000, 0x0000000087c00000|  0%| F|  |TAMS 0x0000000087b00000, 0x0000000087b00000| Untracked 
|  36|0x0000000087c00000, 0x0000000087c00000, 0x0000000087d00000|  0%| F|  |TAMS 0x0000000087c00000, 0x0000000087c00000| Untracked 
|  37|0x0000000087d00000, 0x0000000087d00000, 0x0000000087e00000|  0%| F|  |TAMS 0x0000000087d00000, 0x0000000087d00000| Untracked 
|  38|0x0000000087e00000, 0x0000000087e00000, 0x0000000087f00000|  0%| F|  |TAMS 0x0000000087e00000, 0x0000000087e00000| Untracked 
|  39|0x0000000087f00000, 0x0000000087f00000, 0x0000000088000000|  0%| F|  |TAMS 0x0000000087f00000, 0x0000000087f00000| Untracked 
|  40|0x0000000088000000, 0x0000000088000000, 0x0000000088100000|  0%| F|  |TAMS 0x0000000088000000, 0x0000000088000000| Untracked 
|  41|0x0000000088100000, 0x0000000088100000, 0x0000000088200000|  0%| F|  |TAMS 0x0000000088100000, 0x0000000088100000| Untracked 
|  42|0x0000000088200000, 0x0000000088200000, 0x0000000088300000|  0%| F|  |TAMS 0x0000000088200000, 0x0000000088200000| Untracked 
|  43|0x0000000088300000, 0x0000000088300000, 0x0000000088400000|  0%| F|  |TAMS 0x0000000088300000, 0x0000000088300000| Untracked 
|  44|0x0000000088400000, 0x0000000088400000, 0x0000000088500000|  0%| F|  |TAMS 0x0000000088400000, 0x0000000088400000| Untracked 
|  45|0x0000000088500000, 0x0000000088500000, 0x0000000088600000|  0%| F|  |TAMS 0x0000000088500000, 0x0000000088500000| Untracked 
|  46|0x0000000088600000, 0x000000008863af50, 0x0000000088700000| 23%| S|CS|TAMS 0x0000000088600000, 0x0000000088600000| Complete 
|  47|0x0000000088700000, 0x0000000088800000, 0x0000000088800000|100%| S|CS|TAMS 0x0000000088700000, 0x0000000088700000| Complete 
|  48|0x0000000088800000, 0x0000000088900000, 0x0000000088900000|100%| S|CS|TAMS 0x0000000088800000, 0x0000000088800000| Complete 
|  49|0x0000000088900000, 0x0000000088a00000, 0x0000000088a00000|100%| S|CS|TAMS 0x0000000088900000, 0x0000000088900000| Complete 
|  50|0x0000000088a00000, 0x0000000088a00000, 0x0000000088b00000|  0%| F|  |TAMS 0x0000000088a00000, 0x0000000088a00000| Untracked 
|  51|0x0000000088b00000, 0x0000000088b00000, 0x0000000088c00000|  0%| F|  |TAMS 0x0000000088b00000, 0x0000000088b00000| Untracked 
|  52|0x0000000088c00000, 0x0000000088c00000, 0x0000000088d00000|  0%| F|  |TAMS 0x0000000088c00000, 0x0000000088c00000| Untracked 
|  53|0x0000000088d00000, 0x0000000088d00000, 0x0000000088e00000|  0%| F|  |TAMS 0x0000000088d00000, 0x0000000088d00000| Untracked 
|  54|0x0000000088e00000, 0x0000000088e00000, 0x0000000088f00000|  0%| F|  |TAMS 0x0000000088e00000, 0x0000000088e00000| Untracked 
|  55|0x0000000088f00000, 0x0000000088f00000, 0x0000000089000000|  0%| F|  |TAMS 0x0000000088f00000, 0x0000000088f00000| Untracked 
|  56|0x0000000089000000, 0x0000000089000000, 0x0000000089100000|  0%| F|  |TAMS 0x0000000089000000, 0x0000000089000000| Untracked 
|  57|0x0000000089100000, 0x0000000089100000, 0x0000000089200000|  0%| F|  |TAMS 0x0000000089100000, 0x0000000089100000| Untracked 
|  58|0x0000000089200000, 0x0000000089200000, 0x0000000089300000|  0%| F|  |TAMS 0x0000000089200000, 0x0000000089200000| Untracked 
|  59|0x0000000089300000, 0x0000000089300000, 0x0000000089400000|  0%| F|  |TAMS 0x0000000089300000, 0x0000000089300000| Untracked 
|  60|0x0000000089400000, 0x0000000089400000, 0x0000000089500000|  0%| F|  |TAMS 0x0000000089400000, 0x0000000089400000| Untracked 
|  61|0x0000000089500000, 0x0000000089500000, 0x0000000089600000|  0%| F|  |TAMS 0x0000000089500000, 0x0000000089500000| Untracked 
|  62|0x0000000089600000, 0x0000000089600000, 0x0000000089700000|  0%| F|  |TAMS 0x0000000089600000, 0x0000000089600000| Untracked 
|  63|0x0000000089700000, 0x0000000089700000, 0x0000000089800000|  0%| F|  |TAMS 0x0000000089700000, 0x0000000089700000| Untracked 
|  64|0x0000000089800000, 0x0000000089800000, 0x0000000089900000|  0%| F|  |TAMS 0x0000000089800000, 0x0000000089800000| Untracked 
|  65|0x0000000089900000, 0x0000000089900000, 0x0000000089a00000|  0%| F|  |TAMS 0x0000000089900000, 0x0000000089900000| Untracked 
|  66|0x0000000089a00000, 0x0000000089a00000, 0x0000000089b00000|  0%| F|  |TAMS 0x0000000089a00000, 0x0000000089a00000| Untracked 
|  67|0x0000000089b00000, 0x0000000089b00000, 0x0000000089c00000|  0%| F|  |TAMS 0x0000000089b00000, 0x0000000089b00000| Untracked 
|  68|0x0000000089c00000, 0x0000000089c00000, 0x0000000089d00000|  0%| F|  |TAMS 0x0000000089c00000, 0x0000000089c00000| Untracked 
|  69|0x0000000089d00000, 0x0000000089d00000, 0x0000000089e00000|  0%| F|  |TAMS 0x0000000089d00000, 0x0000000089d00000| Untracked 
|  70|0x0000000089e00000, 0x0000000089e00000, 0x0000000089f00000|  0%| F|  |TAMS 0x0000000089e00000, 0x0000000089e00000| Untracked 
|  71|0x0000000089f00000, 0x0000000089f00000, 0x000000008a000000|  0%| F|  |TAMS 0x0000000089f00000, 0x0000000089f00000| Untracked 
|  72|0x000000008a000000, 0x000000008a000000, 0x000000008a100000|  0%| F|  |TAMS 0x000000008a000000, 0x000000008a000000| Untracked 
|  73|0x000000008a100000, 0x000000008a100000, 0x000000008a200000|  0%| F|  |TAMS 0x000000008a100000, 0x000000008a100000| Untracked 
|  74|0x000000008a200000, 0x000000008a200000, 0x000000008a300000|  0%| F|  |TAMS 0x000000008a200000, 0x000000008a200000| Untracked 
|  75|0x000000008a300000, 0x000000008a300000, 0x000000008a400000|  0%| F|  |TAMS 0x000000008a300000, 0x000000008a300000| Untracked 
|  76|0x000000008a400000, 0x000000008a400000, 0x000000008a500000|  0%| F|  |TAMS 0x000000008a400000, 0x000000008a400000| Untracked 
|  77|0x000000008a500000, 0x000000008a500000, 0x000000008a600000|  0%| F|  |TAMS 0x000000008a500000, 0x000000008a500000| Untracked 
|  78|0x000000008a600000, 0x000000008a600000, 0x000000008a700000|  0%| F|  |TAMS 0x000000008a600000, 0x000000008a600000| Untracked 
|  79|0x000000008a700000, 0x000000008a700000, 0x000000008a800000|  0%| F|  |TAMS 0x000000008a700000, 0x000000008a700000| Untracked 
|  80|0x000000008a800000, 0x000000008a800000, 0x000000008a900000|  0%| F|  |TAMS 0x000000008a800000, 0x000000008a800000| Untracked 
|  81|0x000000008a900000, 0x000000008a900000, 0x000000008aa00000|  0%| F|  |TAMS 0x000000008a900000, 0x000000008a900000| Untracked 
|  82|0x000000008aa00000, 0x000000008aa00000, 0x000000008ab00000|  0%| F|  |TAMS 0x000000008aa00000, 0x000000008aa00000| Untracked 
|  83|0x000000008ab00000, 0x000000008ab00000, 0x000000008ac00000|  0%| F|  |TAMS 0x000000008ab00000, 0x000000008ab00000| Untracked 
|  84|0x000000008ac00000, 0x000000008ac00000, 0x000000008ad00000|  0%| F|  |TAMS 0x000000008ac00000, 0x000000008ac00000| Untracked 
|  85|0x000000008ad00000, 0x000000008ad00000, 0x000000008ae00000|  0%| F|  |TAMS 0x000000008ad00000, 0x000000008ad00000| Untracked 
|  86|0x000000008ae00000, 0x000000008ae00000, 0x000000008af00000|  0%| F|  |TAMS 0x000000008ae00000, 0x000000008ae00000| Untracked 
|  87|0x000000008af00000, 0x000000008af00000, 0x000000008b000000|  0%| F|  |TAMS 0x000000008af00000, 0x000000008af00000| Untracked 
|  88|0x000000008b000000, 0x000000008b000000, 0x000000008b100000|  0%| F|  |TAMS 0x000000008b000000, 0x000000008b000000| Untracked 
|  89|0x000000008b100000, 0x000000008b100000, 0x000000008b200000|  0%| F|  |TAMS 0x000000008b100000, 0x000000008b100000| Untracked 
|  90|0x000000008b200000, 0x000000008b200000, 0x000000008b300000|  0%| F|  |TAMS 0x000000008b200000, 0x000000008b200000| Untracked 
|  91|0x000000008b300000, 0x000000008b3f80a8, 0x000000008b400000| 96%| E|  |TAMS 0x000000008b300000, 0x000000008b300000| Complete 
|  92|0x000000008b400000, 0x000000008b500000, 0x000000008b500000|100%| E|CS|TAMS 0x000000008b400000, 0x000000008b400000| Complete 
|  93|0x000000008b500000, 0x000000008b600000, 0x000000008b600000|100%| E|CS|TAMS 0x000000008b500000, 0x000000008b500000| Complete 
|  94|0x000000008b600000, 0x000000008b700000, 0x000000008b700000|100%| E|CS|TAMS 0x000000008b600000, 0x000000008b600000| Complete 
|  95|0x000000008b700000, 0x000000008b800000, 0x000000008b800000|100%| E|CS|TAMS 0x000000008b700000, 0x000000008b700000| Complete 
|  96|0x000000008b800000, 0x000000008b900000, 0x000000008b900000|100%| E|CS|TAMS 0x000000008b800000, 0x000000008b800000| Complete 
|  97|0x000000008b900000, 0x000000008ba00000, 0x000000008ba00000|100%| E|CS|TAMS 0x000000008b900000, 0x000000008b900000| Complete 
|  98|0x000000008ba00000, 0x000000008bb00000, 0x000000008bb00000|100%| E|CS|TAMS 0x000000008ba00000, 0x000000008ba00000| Complete 
|  99|0x000000008bb00000, 0x000000008bc00000, 0x000000008bc00000|100%| E|CS|TAMS 0x000000008bb00000, 0x000000008bb00000| Complete 
| 100|0x000000008bc00000, 0x000000008bd00000, 0x000000008bd00000|100%| E|CS|TAMS 0x000000008bc00000, 0x000000008bc00000| Complete 
| 101|0x000000008bd00000, 0x000000008be00000, 0x000000008be00000|100%| E|CS|TAMS 0x000000008bd00000, 0x000000008bd00000| Complete 
| 102|0x000000008be00000, 0x000000008bf00000, 0x000000008bf00000|100%| E|CS|TAMS 0x000000008be00000, 0x000000008be00000| Complete 
| 103|0x000000008bf00000, 0x000000008c000000, 0x000000008c000000|100%| E|CS|TAMS 0x000000008bf00000, 0x000000008bf00000| Complete 
| 104|0x000000008c000000, 0x000000008c100000, 0x000000008c100000|100%| E|CS|TAMS 0x000000008c000000, 0x000000008c000000| Complete 
| 105|0x000000008c100000, 0x000000008c200000, 0x000000008c200000|100%| E|CS|TAMS 0x000000008c100000, 0x000000008c100000| Complete 
| 106|0x000000008c200000, 0x000000008c300000, 0x000000008c300000|100%| E|CS|TAMS 0x000000008c200000, 0x000000008c200000| Complete 
| 107|0x000000008c300000, 0x000000008c400000, 0x000000008c400000|100%| E|CS|TAMS 0x000000008c300000, 0x000000008c300000| Complete 
| 108|0x000000008c400000, 0x000000008c500000, 0x000000008c500000|100%| E|CS|TAMS 0x000000008c400000, 0x000000008c400000| Complete 
| 109|0x000000008c500000, 0x000000008c600000, 0x000000008c600000|100%| E|CS|TAMS 0x000000008c500000, 0x000000008c500000| Complete 
| 110|0x000000008c600000, 0x000000008c700000, 0x000000008c700000|100%| E|CS|TAMS 0x000000008c600000, 0x000000008c600000| Complete 
| 111|0x000000008c700000, 0x000000008c800000, 0x000000008c800000|100%| E|CS|TAMS 0x000000008c700000, 0x000000008c700000| Complete 
| 112|0x000000008c800000, 0x000000008c900000, 0x000000008c900000|100%| E|CS|TAMS 0x000000008c800000, 0x000000008c800000| Complete 
| 113|0x000000008c900000, 0x000000008ca00000, 0x000000008ca00000|100%| E|CS|TAMS 0x000000008c900000, 0x000000008c900000| Complete 
| 114|0x000000008ca00000, 0x000000008cb00000, 0x000000008cb00000|100%| E|CS|TAMS 0x000000008ca00000, 0x000000008ca00000| Complete 
| 115|0x000000008cb00000, 0x000000008cc00000, 0x000000008cc00000|100%| E|CS|TAMS 0x000000008cb00000, 0x000000008cb00000| Complete 
| 116|0x000000008cc00000, 0x000000008cd00000, 0x000000008cd00000|100%| E|CS|TAMS 0x000000008cc00000, 0x000000008cc00000| Complete 
| 117|0x000000008cd00000, 0x000000008ce00000, 0x000000008ce00000|100%| E|  |TAMS 0x000000008cd00000, 0x000000008cd00000| Complete 
| 118|0x000000008ce00000, 0x000000008cf00000, 0x000000008cf00000|100%| E|CS|TAMS 0x000000008ce00000, 0x000000008ce00000| Complete 
| 119|0x000000008cf00000, 0x000000008d000000, 0x000000008d000000|100%| E|CS|TAMS 0x000000008cf00000, 0x000000008cf00000| Complete 
| 120|0x000000008d000000, 0x000000008d100000, 0x000000008d100000|100%| E|CS|TAMS 0x000000008d000000, 0x000000008d000000| Complete 
| 121|0x000000008d100000, 0x000000008d200000, 0x000000008d200000|100%| E|CS|TAMS 0x000000008d100000, 0x000000008d100000| Complete 
| 122|0x000000008d200000, 0x000000008d300000, 0x000000008d300000|100%| E|CS|TAMS 0x000000008d200000, 0x000000008d200000| Complete 
| 123|0x000000008d300000, 0x000000008d400000, 0x000000008d400000|100%| E|CS|TAMS 0x000000008d300000, 0x000000008d300000| Complete 

Card table byte_map: [0x000002835d090000,0x000002835d470000] _byte_map_base: 0x000002835cc64000

Marking Bits (Prev, Next): (CMBitMap*) 0x000002834555b488, (CMBitMap*) 0x000002834555b4c8
 Prev Bits: [0x000002835d850000, 0x000002835f6f0000)
 Next Bits: [0x000002835f6f0000, 0x0000028361590000)

Polling page: 0x0000028344ce0000

Metaspace:

Usage:
  Non-class:     12.27 MB capacity,    11.91 MB ( 97%) used,   324.77 KB (  3%) free+waste,    46.81 KB ( <1%) overhead. 
      Class:      2.02 MB capacity,     1.82 MB ( 90%) used,   180.76 KB (  9%) free+waste,    25.00 KB (  1%) overhead. 
       Both:     14.29 MB capacity,    13.72 MB ( 96%) used,   505.52 KB (  3%) free+waste,    71.81 KB ( <1%) overhead. 

Virtual space:
  Non-class space:       14.00 MB reserved,      12.50 MB ( 89%) committed 
      Class space:        1.00 GB reserved,       2.13 MB ( <1%) committed 
             Both:        1.01 GB reserved,      14.63 MB (  1%) committed 

Chunk freelists:
   Non-Class:  45.00 KB
       Class:  15.00 KB
        Both:  60.00 KB

MaxMetaspaceSize: 17179869184.00 GB
CompressedClassSpaceSize: 1.00 GB

CodeHeap 'non-profiled nmethods': size=120000Kb used=881Kb max_used=881Kb free=119118Kb
 bounds [0x0000028355780000, 0x00000283559f0000, 0x000002835ccb0000]
CodeHeap 'profiled nmethods': size=120000Kb used=4010Kb max_used=4010Kb free=115989Kb
 bounds [0x000002834e250000, 0x000002834e640000, 0x0000028355780000]
CodeHeap 'non-nmethods': size=5760Kb used=1211Kb max_used=1240Kb free=4548Kb
 bounds [0x000002834dcb0000, 0x000002834df20000, 0x000002834e250000]
 total_blobs=2482 nmethods=2008 adapters=386
 compilation: enabled
              stopped_count=0, restarted_count=0
 full_count=0

Compilation events (20 events):
Event: 11.167 Thread 0x0000028363a90800 1869       3       java.lang.Module::allows (60 bytes)
Event: 11.168 Thread 0x0000028363a90800 nmethod 1869 0x000002834e5e8c90 code [0x000002834e5e8e80, 0x000002834e5e94a8]
Event: 11.168 Thread 0x0000028363a90800 1871       3       java.lang.Class::privateGetDeclaredConstructors (79 bytes)
Event: 11.169 Thread 0x0000028363a90800 nmethod 1871 0x000002834e5e9610 code [0x000002834e5e9800, 0x000002834e5e9d28]
Event: 11.169 Thread 0x0000028363a90800 1872       3       java.lang.Byte::hashCode (8 bytes)
Event: 11.169 Thread 0x0000028363a90800 nmethod 1872 0x000002834e5e9f10 code [0x000002834e5ea0a0, 0x000002834e5ea218]
Event: 11.169 Thread 0x0000028363a90800 1873       3       java.lang.Byte::hashCode (2 bytes)
Event: 11.169 Thread 0x0000028363a90800 nmethod 1873 0x000002834e5ea310 code [0x000002834e5ea4a0, 0x000002834e5ea578]
Event: 11.169 Thread 0x0000028363a90800 1874       3       jdk.internal.reflect.ReflectionFactory::copyConstructor (11 bytes)
Event: 11.169 Thread 0x0000028363a90800 nmethod 1874 0x000002834e5ea610 code [0x000002834e5ea7c0, 0x000002834e5ea9c8]
Event: 11.169 Thread 0x0000028363a90800 1875       3       java.lang.reflect.ReflectAccess::copyConstructor (5 bytes)
Event: 11.169 Thread 0x0000028363a90800 nmethod 1875 0x000002834e5eab10 code [0x000002834e5eacc0, 0x000002834e5eae08]
Event: 11.170 Thread 0x0000028363a90800 1876       3       java.net.URI::match (56 bytes)
Event: 11.171 Thread 0x0000028363a90800 nmethod 1876 0x000002834e5eaf10 code [0x000002834e5eb0c0, 0x000002834e5eb378]
Event: 11.172 Thread 0x0000028363a90800 1877       3       java.lang.invoke.Invokers::checkCustomized (23 bytes)
Event: 11.173 Thread 0x0000028363a90800 nmethod 1877 0x000002834e5eb410 code [0x000002834e5eb5c0, 0x000002834e5eb788]
Event: 11.173 Thread 0x0000028363a90800 1878       3       java.lang.reflect.Constructor::newInstance (34 bytes)
Event: 11.173 Thread 0x0000028363a90800 nmethod 1878 0x000002834e5eb890 code [0x000002834e5eba40, 0x000002834e5ebc98]
Event: 11.186 Thread 0x0000028363a90800 1879       3       java.util.concurrent.ConcurrentHashMap::remove (8 bytes)
Event: 11.187 Thread 0x0000028363a90800 nmethod 1879 0x000002834e5ebd90 code [0x000002834e5ebf40, 0x000002834e5ec0a8]

GC Heap History (8 events):
Event: 3.273 GC heap before
{Heap before GC invocations=0 (full 0):
 garbage-first heap   total 126976K, used 13312K [0x0000000085800000, 0x0000000100000000)
  region size 1024K, 13 young (13312K), 0 survivors (0K)
 Metaspace       used 930K, capacity 4844K, committed 5120K, reserved 1056768K
  class space    used 56K, capacity 424K, committed 512K, reserved 1048576K
}
Event: 3.288 GC heap after
{Heap after GC invocations=1 (full 0):
 garbage-first heap   total 126976K, used 7085K [0x0000000085800000, 0x0000000100000000)
  region size 1024K, 2 young (2048K), 2 survivors (2048K)
 Metaspace       used 930K, capacity 4844K, committed 5120K, reserved 1056768K
  class space    used 56K, capacity 424K, committed 512K, reserved 1048576K
}
Event: 5.070 GC heap before
{Heap before GC invocations=1 (full 0):
 garbage-first heap   total 126976K, used 16301K [0x0000000085800000, 0x0000000100000000)
  region size 1024K, 12 young (12288K), 2 survivors (2048K)
 Metaspace       used 2765K, capacity 5680K, committed 6016K, reserved 1056768K
  class space    used 271K, capacity 556K, committed 640K, reserved 1048576K
}
Event: 5.078 GC heap after
{Heap after GC invocations=2 (full 0):
 garbage-first heap   total 126976K, used 8399K [0x0000000085800000, 0x0000000100000000)
  region size 1024K, 2 young (2048K), 2 survivors (2048K)
 Metaspace       used 2765K, capacity 5680K, committed 6016K, reserved 1056768K
  class space    used 271K, capacity 556K, committed 640K, reserved 1048576K
}
Event: 6.474 GC heap before
{Heap before GC invocations=2 (full 0):
 garbage-first heap   total 126976K, used 25807K [0x0000000085800000, 0x0000000100000000)
  region size 1024K, 20 young (20480K), 2 survivors (2048K)
 Metaspace       used 4685K, capacity 6792K, committed 6912K, reserved 1056768K
  class space    used 518K, capacity 740K, committed 768K, reserved 1048576K
}
Event: 6.479 GC heap after
{Heap after GC invocations=3 (full 0):
 garbage-first heap   total 126976K, used 8960K [0x0000000085800000, 0x0000000100000000)
  region size 1024K, 2 young (2048K), 2 survivors (2048K)
 Metaspace       used 4685K, capacity 6792K, committed 6912K, reserved 1056768K
  class space    used 518K, capacity 740K, committed 768K, reserved 1048576K
}
Event: 10.546 GC heap before
{Heap before GC invocations=3 (full 0):
 garbage-first heap   total 126976K, used 81664K [0x0000000085800000, 0x0000000100000000)
  region size 1024K, 74 young (75776K), 2 survivors (2048K)
 Metaspace       used 9535K, capacity 10481K, committed 10624K, reserved 1058816K
  class space    used 1220K, capacity 1390K, committed 1408K, reserved 1048576K
}
Event: 10.551 GC heap after
{Heap after GC invocations=4 (full 0):
 garbage-first heap   total 126976K, used 10318K [0x0000000085800000, 0x0000000100000000)
  region size 1024K, 4 young (4096K), 4 survivors (4096K)
 Metaspace       used 9535K, capacity 10481K, committed 10624K, reserved 1058816K
  class space    used 1220K, capacity 1390K, committed 1408K, reserved 1048576K
}

Deoptimization events (20 events):
Event: 10.597 Thread 0x00000283654f3000 DEOPT PACKING pc=0x00000283557e7c38 sp=0x0000008c8d6fd930
Event: 10.597 Thread 0x00000283654f3000 DEOPT UNPACKING pc=0x000002834dcf912f sp=0x0000008c8d6fd7c8 mode 2
Event: 10.723 Thread 0x00000283654f3000 Uncommon trap: trap_request=0xffffff45 fr.pc=0x00000283557cf468 relative=0x00000000000000e8
Event: 10.723 Thread 0x00000283654f3000 Uncommon trap: reason=unstable_if action=reinterpret pc=0x00000283557cf468 method=sun.net.www.ParseUtil.firstEncodeIndex(Ljava/lang/String;)I @ 51 c2
Event: 10.723 Thread 0x00000283654f3000 DEOPT PACKING pc=0x00000283557cf468 sp=0x0000008c8d6fc790
Event: 10.723 Thread 0x00000283654f3000 DEOPT UNPACKING pc=0x000002834dcf912f sp=0x0000008c8d6fc708 mode 2
Event: 10.987 Thread 0x00000283654f3000 Uncommon trap: trap_request=0xffffffc6 fr.pc=0x00000283557f1008 relative=0x00000000000003e8
Event: 10.987 Thread 0x00000283654f3000 Uncommon trap: reason=bimorphic_or_optimized_type_check action=maybe_recompile pc=0x00000283557f1008 method=java.util.HashMap.getNode(ILjava/lang/Object;)Ljava/util/HashMap$Node; @ 59 c2
Event: 10.987 Thread 0x00000283654f3000 DEOPT PACKING pc=0x00000283557f1008 sp=0x0000008c8d6fbda0
Event: 10.987 Thread 0x00000283654f3000 DEOPT UNPACKING pc=0x000002834dcf912f sp=0x0000008c8d6fbd08 mode 2
Event: 11.168 Thread 0x00000283654f3000 DEOPT PACKING pc=0x000002834e57452f sp=0x0000008c8d6fd090
Event: 11.168 Thread 0x00000283654f3000 DEOPT UNPACKING pc=0x000002834dcf964e sp=0x0000008c8d6fc518 mode 0
Event: 11.170 Thread 0x0000028365106000 Uncommon trap: trap_request=0xffffff45 fr.pc=0x00000283557da390 relative=0x0000000000000050
Event: 11.170 Thread 0x0000028365106000 Uncommon trap: reason=unstable_if action=reinterpret pc=0x00000283557da390 method=java.net.URI.match(CJJ)Z @ 19 c2
Event: 11.170 Thread 0x0000028365106000 DEOPT PACKING pc=0x00000283557da390 sp=0x0000008c8d3fd990
Event: 11.170 Thread 0x0000028365106000 DEOPT UNPACKING pc=0x000002834dcf912f sp=0x0000008c8d3fd918 mode 2
Event: 11.185 Thread 0x0000028365106000 Uncommon trap: trap_request=0xffffff45 fr.pc=0x00000283557a18c0 relative=0x0000000000000200
Event: 11.185 Thread 0x0000028365106000 Uncommon trap: reason=unstable_if action=reinterpret pc=0x00000283557a18c0 method=java.lang.StringCoding.encodeUTF8(B[BZ)[B @ 2 c2
Event: 11.185 Thread 0x0000028365106000 DEOPT PACKING pc=0x00000283557a18c0 sp=0x0000008c8d3fdbe0
Event: 11.185 Thread 0x0000028365106000 DEOPT UNPACKING pc=0x000002834dcf912f sp=0x0000008c8d3fdb88 mode 2

Classes unloaded (0 events):
No events

Classes redefined (0 events):
No events

Internal exceptions (20 events):
Event: 7.848 Thread 0x0000028365106000 Exception <a 'java/lang/NoSuchMethodError'{0x0000000089cf7180}: 'int java.lang.invoke.DirectMethodHandle$Holder.invokeSpecialIFC(java.lang.Object, java.lang.Object, int)'> (0x0000000089cf7180) 
thrown [./open/src/hotspot/share/interpreter/linkResolver.cpp, line 766]
Event: 7.861 Thread 0x0000028365106000 Exception <a 'java/lang/NoSuchMethodError'{0x0000000089b53b28}: 'void java.lang.invoke.DirectMethodHandle$Holder.invokeSpecial(java.lang.Object, java.lang.Object, java.lang.Object, java.lang.Object)'> (0x0000000089b53b28) 
thrown [./open/src/hotspot/share/interpreter/linkResolver.cpp, line 766]
Event: 7.922 Thread 0x0000028365106000 Exception <a 'java/lang/NoSuchMethodError'{0x0000000089adb9e8}: 'java.lang.Object java.lang.invoke.Invokers$Holder.linkToTargetMethod(java.lang.Object, java.lang.Object, java.lang.Object, java.lang.Object, java.lang.Object, java.lang.Object)'> (0x0000000089adb9e8) 
thrown [./open/src/hotspot/share/interpreter/linkResolver.cpp, line 766]
Event: 7.939 Thread 0x0000028365106000 Exception <a 'java/lang/NoSuchMethodError'{0x0000000089907400}: 'void java.lang.invoke.DelegatingMethodHandle$Holder.delegate(java.lang.Object, java.lang.Object, int, java.lang.Object)'> (0x0000000089907400) 
thrown [./open/src/hotspot/share/interpreter/linkResolver.cpp, line 766]
Event: 9.592 Thread 0x0000028364957800 Exception <a 'java/net/UnknownHostException'{0x00000000898814b0}> (0x00000000898814b0) 
thrown [./open/src/hotspot/share/prims/jni.cpp, line 599]
Event: 9.687 Thread 0x0000028365106000 Exception <a 'java/lang/NoSuchMethodError'{0x0000000089783fb0}: 'java.lang.Object java.lang.invoke.DirectMethodHandle$Holder.invokeSpecial(java.lang.Object, java.lang.Object, java.lang.Object, java.lang.Object, java.lang.Object, java.lang.Object, int)'> (0x0000000089783fb0) 
thrown [./open/src/hotspot/share/interpreter/linkResolver.cpp, line 766]
Event: 9.688 Thread 0x0000028365106000 Exception <a 'java/lang/NoSuchMethodError'{0x000000008978cef0}: 'java.lang.Object java.lang.invoke.DirectMethodHandle$Holder.invokeStatic(java.lang.Object, java.lang.Object, java.lang.Object, java.lang.Object, java.lang.Object, java.lang.Object, int)'> (0x000000008978cef0) 
thrown [./open/src/hotspot/share/interpreter/linkResolver.cpp, line 766]
Event: 9.688 Thread 0x0000028365106000 Exception <a 'java/lang/NoSuchMethodError'{0x00000000897908d8}: 'java.lang.Object java.lang.invoke.DirectMethodHandle$Holder.invokeSpecial(java.lang.Object, java.lang.Object, java.lang.Object, java.lang.Object, java.lang.Object, java.lang.Object, java.lang.Object, int)'> (0x00000000897908d8) 
thrown [./open/src/hotspot/share/interpreter/linkResolver.cpp, line 766]
Event: 9.811 Thread 0x0000028365106000 Exception <a 'java/lang/NoSuchMethodError'{0x00000000895f7790}: 'void java.lang.invoke.DirectMethodHandle$Holder.invokeSpecial(java.lang.Object, java.lang.Object, java.lang.Object, java.lang.Object, java.lang.Object)'> (0x00000000895f7790) 
thrown [./open/src/hotspot/share/interpreter/linkResolver.cpp, line 766]
Event: 10.037 Thread 0x0000028365106000 Exception <a 'java/lang/NoSuchMethodError'{0x00000000890b1830}: 'void java.lang.invoke.DirectMethodHandle$Holder.invokeSpecial(java.lang.Object, java.lang.Object, java.lang.Object, java.lang.Object, java.lang.Object, java.lang.Object)'> (0x00000000890b1830) 
thrown [./open/src/hotspot/share/interpreter/linkResolver.cpp, line 766]
Event: 10.060 Thread 0x0000028365106000 Exception <a 'java/lang/NoSuchMethodError'{0x0000000088f19508}: 'java.lang.Object java.lang.invoke.DirectMethodHandle$Holder.invokeSpecial(java.lang.Object, java.lang.Object, java.lang.Object, java.lang.Object, int)'> (0x0000000088f19508) 
thrown [./open/src/hotspot/share/interpreter/linkResolver.cpp, line 766]
Event: 10.060 Thread 0x0000028365106000 Exception <a 'java/lang/NoSuchMethodError'{0x0000000088f20dd0}: 'java.lang.Object java.lang.invoke.DirectMethodHandle$Holder.invokeStatic(java.lang.Object, java.lang.Object, java.lang.Object, java.lang.Object, int)'> (0x0000000088f20dd0) 
thrown [./open/src/hotspot/share/interpreter/linkResolver.cpp, line 766]
Event: 10.060 Thread 0x0000028365106000 Exception <a 'java/lang/NoSuchMethodError'{0x0000000088f241f0}: 'java.lang.Object java.lang.invoke.DirectMethodHandle$Holder.invokeSpecial(java.lang.Object, java.lang.Object, java.lang.Object, java.lang.Object, java.lang.Object, int)'> (0x0000000088f241f0) 
thrown [./open/src/hotspot/share/interpreter/linkResolver.cpp, line 766]
Event: 10.063 Thread 0x0000028365106000 Exception <a 'java/lang/NoSuchMethodError'{0x0000000088f36f28}: 'java.lang.Object java.lang.invoke.DirectMethodHandle$Holder.invokeStatic(java.lang.Object, int, java.lang.Object)'> (0x0000000088f36f28) 
thrown [./open/src/hotspot/share/interpreter/linkResolver.cpp, line 766]
Event: 10.064 Thread 0x0000028365106000 Exception <a 'java/lang/NoSuchMethodError'{0x0000000088f3e2a0}: 'int java.lang.invoke.DirectMethodHandle$Holder.invokeSpecialIFC(java.lang.Object, java.lang.Object, java.lang.Object, java.lang.Object)'> (0x0000000088f3e2a0) 
thrown [./open/src/hotspot/share/interpreter/linkResolver.cpp, line 766]
Event: 10.201 Thread 0x0000028365106000 Exception <a 'java/lang/NoSuchMethodError'{0x0000000088d730b8}: 'void java.lang.invoke.DirectMethodHandle$Holder.invokeStaticInit(java.lang.Object, java.lang.Object)'> (0x0000000088d730b8) 
thrown [./open/src/hotspot/share/interpreter/linkResolver.cpp, line 766]
Event: 10.203 Thread 0x0000028365106000 Exception <a 'java/lang/NoSuchMethodError'{0x0000000088d82f90}: 'void java.lang.invoke.DirectMethodHandle$Holder.invokeStaticInit(java.lang.Object, java.lang.Object, java.lang.Object)'> (0x0000000088d82f90) 
thrown [./open/src/hotspot/share/interpreter/linkResolver.cpp, line 766]
Event: 10.443 Thread 0x0000028365106000 Exception <a 'java/lang/NoSuchMethodError'{0x0000000088c4d1c8}: 'void java.lang.invoke.DirectMethodHandle$Holder.invokeVirtual(java.lang.Object, java.lang.Object, java.lang.Object, java.lang.Object)'> (0x0000000088c4d1c8) 
thrown [./open/src/hotspot/share/interpreter/linkResolver.cpp, line 766]
Event: 10.597 Thread 0x00000283654f3000 Implicit null exception at 0x00000283557e7667 to 0x00000283557e7c20
Event: 11.181 Thread 0x0000028365106000 Exception <a 'java/lang/NoSuchMethodError'{0x000000008c229038}: 'org.slf4j.impl.StaticMDCBinder org.slf4j.impl.StaticMDCBinder.getSingleton()'> (0x000000008c229038) 
thrown [./open/src/hotspot/share/interpreter/linkResolver.cpp, line 766]

Events (20 events):
Event: 11.086 loading class java/util/concurrent/ConcurrentLinkedDeque$AbstractItr
Event: 11.089 loading class java/util/concurrent/ConcurrentLinkedDeque$AbstractItr done
Event: 11.089 loading class java/util/concurrent/ConcurrentLinkedDeque$Itr done
Event: 11.105 Executing VM operation: HandshakeOneThread
Event: 11.106 Executing VM operation: HandshakeOneThread done
Event: 11.106 Executing VM operation: HandshakeOneThread
Event: 11.106 Executing VM operation: HandshakeOneThread done
Event: 11.125 loading class org/xml/sax/SAXException
Event: 11.126 loading class org/xml/sax/SAXException done
Event: 11.129 loading class javax/xml/transform/Source
Event: 11.133 loading class javax/xml/transform/Source done
Event: 11.170 Executing VM operation: HandshakeOneThread
Event: 11.170 Executing VM operation: HandshakeOneThread done
Event: 11.170 Executing VM operation: HandshakeOneThread
Event: 11.170 Executing VM operation: HandshakeOneThread done
Event: 11.170 Executing VM operation: HandshakeOneThread
Event: 11.170 Executing VM operation: HandshakeOneThread done
Event: 11.170 Executing VM operation: HandshakeOneThread
Event: 11.170 Executing VM operation: HandshakeOneThread done
Event: 11.210 loading class jdk/internal/reflect/MethodAccessorGenerator


Dynamic libraries:
0x00007ff6768a0000 - 0x00007ff6768ad000 	C:\Program Files\Java\jdk-14.0.2\bin\java.exe
0x00007ffd90350000 - 0x00007ffd90545000 	C:\WINDOWS\SYSTEM32\ntdll.dll
0x00007ffd8fd10000 - 0x00007ffd8fdcd000 	C:\WINDOWS\System32\KERNEL32.DLL
0x00007ffd8e0b0000 - 0x00007ffd8e378000 	C:\WINDOWS\System32\KERNELBASE.dll
0x00007ffd8db30000 - 0x00007ffd8dc30000 	C:\WINDOWS\System32\ucrtbase.dll
0x00007ffd7c6a0000 - 0x00007ffd7c6b5000 	C:\Program Files\Java\jdk-14.0.2\bin\VCRUNTIME140.dll
0x00007ffd7e2f0000 - 0x00007ffd7e308000 	C:\Program Files\Java\jdk-14.0.2\bin\jli.dll
0x00007ffd900e0000 - 0x00007ffd90280000 	C:\WINDOWS\System32\USER32.dll
0x00007ffd8e380000 - 0x00007ffd8e3a2000 	C:\WINDOWS\System32\win32u.dll
0x00007ffd8f740000 - 0x00007ffd8f76a000 	C:\WINDOWS\System32\GDI32.dll
0x00007ffd8dcc0000 - 0x00007ffd8ddcb000 	C:\WINDOWS\System32\gdi32full.dll
0x00007ffd8da90000 - 0x00007ffd8db2d000 	C:\WINDOWS\System32\msvcp_win.dll
0x00007ffd7d5a0000 - 0x00007ffd7d83a000 	C:\WINDOWS\WinSxS\amd64_microsoft.windows.common-controls_6595b64144ccf1df_6.0.19041.844_none_ca00b6081b84eb1d\COMCTL32.dll
0x00007ffd8f890000 - 0x00007ffd8f92e000 	C:\WINDOWS\System32\msvcrt.dll
0x00007ffd902e0000 - 0x00007ffd90310000 	C:\WINDOWS\System32\IMM32.DLL
0x00007ffd599d0000 - 0x00007ffd59a6b000 	C:\Program Files\Java\jdk-14.0.2\bin\msvcp140.dll
0x00007ffd14260000 - 0x00007ffd14d7e000 	C:\Program Files\Java\jdk-14.0.2\bin\server\jvm.dll
0x00007ffd8f930000 - 0x00007ffd8f9dc000 	C:\WINDOWS\System32\ADVAPI32.dll
0x00007ffd8fac0000 - 0x00007ffd8fb5b000 	C:\WINDOWS\System32\sechost.dll
0x00007ffd8fe60000 - 0x00007ffd8ff8b000 	C:\WINDOWS\System32\RPCRT4.dll
0x00007ffd8fab0000 - 0x00007ffd8fab8000 	C:\WINDOWS\System32\PSAPI.DLL
0x00007ffd797e0000 - 0x00007ffd797e9000 	C:\WINDOWS\SYSTEM32\WSOCK32.dll
0x00007ffd8fa40000 - 0x00007ffd8faab000 	C:\WINDOWS\System32\WS2_32.dll
0x00007ffd7e5f0000 - 0x00007ffd7e617000 	C:\WINDOWS\SYSTEM32\WINMM.dll
0x00007ffd86020000 - 0x00007ffd8602a000 	C:\WINDOWS\SYSTEM32\VERSION.dll
0x00007ffd8b9a0000 - 0x00007ffd8b9b2000 	C:\WINDOWS\SYSTEM32\kernel.appcore.dll
0x00007ffd899a0000 - 0x00007ffd899aa000 	C:\Program Files\Java\jdk-14.0.2\bin\jimage.dll
0x00007ffd7b9d0000 - 0x00007ffd7bbb4000 	C:\WINDOWS\SYSTEM32\DBGHELP.DLL
0x00007ffd7c2c0000 - 0x00007ffd7c2ec000 	C:\WINDOWS\SYSTEM32\dbgcore.DLL
0x00007ffd8dfe0000 - 0x00007ffd8e060000 	C:\WINDOWS\System32\bcryptPrimitives.dll
0x00007ffd6da60000 - 0x00007ffd6da85000 	C:\Program Files\Java\jdk-14.0.2\bin\java.dll
0x00007ffd6edb0000 - 0x00007ffd6edc6000 	C:\Program Files\Java\jdk-14.0.2\bin\zip.dll
0x00007ffd8ec50000 - 0x00007ffd8f392000 	C:\WINDOWS\System32\SHELL32.dll
0x00007ffd8bba0000 - 0x00007ffd8c330000 	C:\WINDOWS\SYSTEM32\windows.storage.dll
0x00007ffd8e3b0000 - 0x00007ffd8e705000 	C:\WINDOWS\System32\combase.dll
0x00007ffd8d500000 - 0x00007ffd8d52c000 	C:\WINDOWS\SYSTEM32\Wldp.dll
0x00007ffd90030000 - 0x00007ffd900de000 	C:\WINDOWS\System32\SHCORE.dll
0x00007ffd8f4d0000 - 0x00007ffd8f525000 	C:\WINDOWS\System32\shlwapi.dll
0x00007ffd8d9d0000 - 0x00007ffd8d9ef000 	C:\WINDOWS\SYSTEM32\profapi.dll
0x00007ffd6d9f0000 - 0x00007ffd6da09000 	C:\Program Files\Java\jdk-14.0.2\bin\net.dll
0x00007ffd7f190000 - 0x00007ffd7f29b000 	C:\WINDOWS\SYSTEM32\WINHTTP.dll
0x00007ffd8d250000 - 0x00007ffd8d2ba000 	C:\WINDOWS\system32\mswsock.dll
0x00007ffd6c670000 - 0x00007ffd6c682000 	C:\Program Files\Java\jdk-14.0.2\bin\nio.dll
0x00007ffd898c0000 - 0x00007ffd898d0000 	C:\Program Files\Java\jdk-14.0.2\bin\verify.dll
0x00007ffd77580000 - 0x00007ffd77589000 	C:\Program Files\Java\jdk-14.0.2\bin\management.dll
0x00007ffd747e0000 - 0x00007ffd747eb000 	C:\Program Files\Java\jdk-14.0.2\bin\management_ext.dll
0x00007ffd8cee0000 - 0x00007ffd8cf1b000 	C:\WINDOWS\SYSTEM32\IPHLPAPI.DLL
0x00007ffd8ff90000 - 0x00007ffd8ff98000 	C:\WINDOWS\System32\NSI.dll
0x00007ffd86030000 - 0x00007ffd86047000 	C:\WINDOWS\SYSTEM32\dhcpcsvc6.DLL
0x00007ffd85d90000 - 0x00007ffd85dad000 	C:\WINDOWS\SYSTEM32\dhcpcsvc.DLL
0x00007ffd8cf30000 - 0x00007ffd8cffc000 	C:\WINDOWS\SYSTEM32\DNSAPI.dll
0x00007ffd7ecc0000 - 0x00007ffd7ecca000 	C:\Windows\System32\rasadhlp.dll
0x00007ffd72410000 - 0x00007ffd72427000 	C:\WINDOWS\system32\napinsp.dll
0x00007ffd72340000 - 0x00007ffd7235b000 	C:\WINDOWS\system32\pnrpnsp.dll
0x00007ffd88e10000 - 0x00007ffd88e25000 	C:\WINDOWS\system32\wshbth.dll
0x00007ffd89780000 - 0x00007ffd8979d000 	C:\WINDOWS\system32\NLAapi.dll
0x00007ffd72180000 - 0x00007ffd72192000 	C:\WINDOWS\System32\winrnr.dll
0x00007ffd7ed50000 - 0x00007ffd7edcf000 	C:\WINDOWS\System32\fwpuclnt.dll
0x00007ffd8dc90000 - 0x00007ffd8dcb7000 	C:\WINDOWS\System32\bcrypt.dll

dbghelp: loaded successfully - version: 4.0.5 - missing functions: none
symbol engine: initialized successfully - sym options: 0x614 - pdb path: .;C:\Program Files\Java\jdk-14.0.2\bin;C:\WINDOWS\SYSTEM32;C:\WINDOWS\WinSxS\amd64_microsoft.windows.common-controls_6595b64144ccf1df_6.0.19041.844_none_ca00b6081b84eb1d;C:\Program Files\Java\jdk-14.0.2\bin\server

VM Arguments:
jvm_args: -Dfile.encoding=UTF-8 -Duser.country=KR -Duser.language=ko -Duser.variant 
java_command: com.march.treeservice.TreeServiceApplication
java_class_path (initial): C:\Users\saili\Desktop\강의\졸업\컴퓨터공학\msa\tree-service\build\classes\java\main;C:\Users\saili\Desktop\강의\졸업\컴퓨터공학\msa\tree-service\build\resources\main;C:\Users\saili\.gradle\caches\modules-2\files-2.1\org.springframework.boot\spring-boot-devtools\2.4.5\ab92f47144da105cbf9788f7241a02eb5a8c14d7\spring-boot-devtools-2.4.5.jar;C:\Users\saili\.gradle\caches\modules-2\files-2.1\org.springframework.boot\spring-boot-starter-data-jpa\2.4.5\cba91e070e601c55eec0d8a1948dcca15703ad37\spring-boot-starter-data-jpa-2.4.5.jar;C:\Users\saili\.gradle\caches\modules-2\files-2.1\org.springframework.boot\spring-boot-starter-web\2.4.5\93cf2655557534e35723fbafa069bed2ee125832\spring-boot-starter-web-2.4.5.jar;C:\Users\saili\.gradle\caches\modules-2\files-2.1\org.springframework.cloud\spring-cloud-starter-netflix-eureka-client\3.0.2\ac628533b0cceb8feed46c9852a0db55e2519627\spring-cloud-starter-netflix-eureka-client-3.0.2.jar;C:\Users\saili\.gradle\caches\modules-2\files-2.1\com.h2database\h2\1.4.200\f7533fe7cb8e99c87a43d325a77b4b678ad9031a\h2-1.4.200.jar;C:\Users\saili\.gradle\caches\modules-2\files-2.1\org.springframework.boot\spring-boot-starter-aop\2.4.5\853bfc5d1c867f66880971515bda82ecc737e839\spring-boot-starter-aop-2.4.5.jar;C:\Users\saili\.gradle\caches\modules-2\files-2.1\org.springframework.boot\spring-boot-starter-jdbc\2.4.5\abcca18ef5a2c877a5574a492b570bb260640de3\spring-boot-starter-jdbc-2.4.5.jar;C:\Users\saili\.gradle\caches\modules-2\files-2.1\org.springframework.boot\spring-boot-starter-json\2.4.5\5c1623aa53adf10cd98884f60db2d9f5958dbc28\spring-boot-starter-json-2.4.5.jar;C:\Users\saili\.gradle\caches\modules-2\files-2.1\org.springframework.cloud\spring-cloud-starter-loadbalancer\3.0.2\d7e339db8f3812b494cbe017fddd96cd50186e44\spring-cloud-starter-loadbalancer-3.0.2.jar;C:\Users\saili\.gradle\caches\modules-2\files-2.1\org.springframework.cloud\spring-cloud-starter\3.0.2\76ed076e40d046699e90b54e57f56561d80d37c5\spring-cloud-starter
Launcher Type: SUN_STANDARD

[Global flags]
     intx CICompilerCount                          = 3                                         {product} {ergonomic}
     uint ConcGCThreads                            = 1                                         {product} {ergonomic}
     uint G1ConcRefinementThreads                  = 4                                         {product} {ergonomic}
   size_t G1HeapRegionSize                         = 1048576                                   {product} {ergonomic}
    uintx GCDrainStackTargetSize                   = 64                                        {product} {ergonomic}
   size_t InitialHeapSize                          = 130023424                                 {product} {ergonomic}
   size_t MarkStackSize                            = 4194304                                   {product} {ergonomic}
   size_t MaxHeapSize                              = 2055208960                                {product} {ergonomic}
   size_t MaxNewSize                               = 1233125376                                {product} {ergonomic}
   size_t MinHeapDeltaBytes                        = 1048576                                   {product} {ergonomic}
   size_t MinHeapSize                              = 8388608                                   {product} {ergonomic}
    uintx NonNMethodCodeHeapSize                   = 5832780                                {pd product} {ergonomic}
    uintx NonProfiledCodeHeapSize                  = 122912730                              {pd product} {ergonomic}
    uintx ProfiledCodeHeapSize                     = 122912730                              {pd product} {ergonomic}
    uintx ReservedCodeCacheSize                    = 251658240                              {pd product} {ergonomic}
     bool SegmentedCodeCache                       = true                                      {product} {ergonomic}
   size_t SoftMaxHeapSize                          = 2055208960                             {manageable} {ergonomic}
     bool UseCompressedClassPointers               = true                                 {lp64_product} {ergonomic}
     bool UseCompressedOops                        = true                                 {lp64_product} {ergonomic}
     bool UseG1GC                                  = true                                      {product} {ergonomic}
     bool UseLargePagesIndividualAllocation        = false                                  {pd product} {ergonomic}

Logging:
Log output configuration:
 #0: stdout all=warning uptime,level,tags
 #1: stderr all=off uptime,level,tags

Environment Variables:
PATH=C:\Program Files (x86)\VMware\VMware Workstation\bin\;C:\Python38\Scripts\;C:\Python38\;C:\app\saili\product\11.2.0\dbhome_1\bin;C:\WINDOWS\system32;C:\WINDOWS;C:\WINDOWS\System32\Wbem;C:\WINDOWS\System32\WindowsPowerShell\v1.0\;C:\WINDOWS\System32\OpenSSH\;C:\Program Files\Java\jdk-11.0.6\bin;C:\Program Files\Git\cmd;C:\Program Files\nodejs\;C:\ProgramData\chocolatey\bin;C:\Program Files (x86)\Yarn\bin\;C:\Program Files (x86)\Vim\vim82\;C:\HashiCorp\Vagrant\bin;C:\Program Files\OpenSSL-Win64\bin;;C:\Program Files\Docker\Docker\resources\bin;C:\ProgramData\DockerDesktop\version-bin;C:\Program Files\PuTTY\;C:\Users\saili\AppData\Local\Programs\Python\Python39\Scripts\;C:\Users\saili\AppData\Local\Programs\Python\Python39\;C:\Users\saili\AppData\Local\Microsoft\WindowsApps;C:\MinGW\bin;C:\Program Files\JetBrains\IntelliJ IDEA Community Edition 2020.1.1\bin;C:\Users\saili\AppData\Roaming\npm;C:\Users\saili\AppData\Local\Yarn\bin;C:\Program Files\JetBrains\PyCharm Community Edition 2020.2.1\bin;C:\Users\saili\AppData\Local\Programs\Microsoft VS Code\bin
USERNAME=saili
OS=Windows_NT
PROCESSOR_IDENTIFIER=Intel64 Family 6 Model 142 Stepping 10, GenuineIntel



---------------  S Y S T E M  ---------------

OS: Windows 10 , 64 bit Build 19041 (10.0.19041.928)
OS uptime: 10 days 12:17 hours
HyperV virtualization detected

CPU:total 4 (initial active 4) (2 cores per cpu, 2 threads per core) family 6 model 142 stepping 10, cmov, cx8, fxsr, mmx, sse, sse2, sse3, ssse3, sse4.1, sse4.2, popcnt, avx, avx2, aes, clmul, erms, 3dnowpref, lzcnt, ht, tsc, tscinvbit, bmi1, bmi2, adx, fma

Memory: 4k page, system-wide physical 7833M (383M free)
TotalPageFile size 31385M (AvailPageFile size 3M)
current process WorkingSet (physical memory assigned to process): 158M, peak: 158M
current process commit charge ("private bytes"): 237M, peak: 237M

vm_info: OpenJDK 64-Bit Server VM (14.0.2+12-46) for windows-amd64 JRE (14.0.2+12-46), built on Jul  9 2020 00:31:16 by "mach5one" with MS VC++ 15.9 (VS2017)

END.
