#
# A fatal error has been detected by the Java Runtime Environment:
#
#  EXCEPTION_ACCESS_VIOLATION (0xc0000005) at pc=0x00007ffd899a1c11, pid=10172, tid=6288
#
# JRE version:  (14.0.2+12) (build )
# Java VM: OpenJDK 64-Bit Server VM (14.0.2+12-46, mixed mode, sharing, tiered, unknown gc, windows-amd64)
# Problematic frame:
# C  [jimage.dll+0x1c11]
#
# No core dump will be written. Minidumps are not enabled by default on client versions of Windows
#
#

---------------  S U M M A R Y ------------

Command Line: 

Host: Intel(R) Core(TM) i3-8130U CPU @ 2.20GHz, 4 cores, 7G,  Windows 10 , 64 bit Build 19041 (10.0.19041.928)
Time: Sun Jun  6 00:13:17 2021 대한민국 표준시 elapsed time: 0 seconds (0d 0h 0m 0s)

---------------  T H R E A D  ---------------

Current thread is native thread

Stack: [0x000000b422e00000,0x000000b422f00000],  sp=0x000000b422efda70,  free space=1014k
Native frames: (J=compiled Java code, j=interpreted, Vv=VM code, C=native code)
C  [jimage.dll+0x1c11]
C  [jimage.dll+0x1d9f]
C  [jimage.dll+0x267d]
V  [jvm.dll+0x1c2ef7]
V  [jvm.dll+0xb025f]
V  [jvm.dll+0x700c9d]
V  [jvm.dll+0x392def]
V  [jvm.dll+0x394e61]
C  [jli.dll+0x524b]
C  [ucrtbase.dll+0x21bb2]
C  [KERNEL32.DLL+0x17034]
C  [ntdll.dll+0x52651]


siginfo: EXCEPTION_ACCESS_VIOLATION (0xc0000005), reading address 0x0000000000006464


Registers:
RAX=0x0000000000001912, RBX=0x000000b422efdb61, RCX=0x00007ffd899a6000, RDX=0x0000000000001912
RSP=0x000000b422efda70, RBP=0x000000b422efdb60, RSI=0x0000000000008445, RDI=0x000000b422efdb60
R8 =0x00007ffd899a4278, R9 =0x000000000000001c, R10=0x00007ffd14a93400, R11=0x00007ffd899a6000
R12=0x000000b422eff6a0, R13=0x000001e27e6ec3a0, R14=0x000000b422efebd0, R15=0x00007ffd14a93438
RIP=0x00007ffd899a1c11, EFLAGS=0x0000000000010246

Top of Stack: (sp=0x000000b422efda70)
0x000000b422efda70:   0000000000000000 0000000000000000
0x000000b422efda80:   0000000000000000 0000000000000000
0x000000b422efda90:   000001e27e7060e0 00007ffd899a1d9f
0x000000b422efdaa0:   000000000000000b 000001e27e7060e0
0x000000b422efdab0:   0000000000000000 0000000000000000
0x000000b422efdac0:   0000000000000000 0000000000000000
0x000000b422efdad0:   0000000000000000 0000000000000000
0x000000b422efdae0:   0000000000000000 0000000000000000
0x000000b422efdaf0:   0000000000000000 0000000000000000
0x000000b422efdb00:   00001a6b373193de 0000000000000000
0x000000b422efdb10:   00007ffd14a6ece0 0000000000000017
0x000000b422efdb20:   000001e27e7060e0 000000b422efebd0
0x000000b422efdb30:   000000000000000b 00007ffd899a267d
0x000000b422efdb40:   0000000000000000 0000000000000000
0x000000b422efdb50:   0000000000000000 0000000000000000
0x000000b422efdb60:   61622e6176616a2f 692f6b646a2f6573 

Instructions: (pc=0x00007ffd899a1c11)
0x00007ffd899a1b11:   d2 44 8d 42 40 e9 91 20 00 00 cc 40 53 48 83 ec
0x00007ffd899a1b21:   20 48 8b d9 48 8b 49 48 48 85 c9 74 1d 80 3d db
0x00007ffd899a1b31:   44 00 00 00 74 06 48 8b 53 18 eb 04 48 8b 53 40
0x00007ffd899a1b41:   e8 96 0e 00 00 48 83 63 48 00 8b 4b 0c 83 f9 ff
0x00007ffd899a1b51:   74 09 e8 cc 0c 00 00 83 4b 0c ff 48 83 c4 20 5b
0x00007ffd899a1b61:   c3 cc cc 40 53 48 83 ec 20 48 8b d9 48 8d 0d ac
0x00007ffd899a1b71:   46 00 00 e8 b3 0c 00 00 83 6b 08 01 75 24 48 8b
0x00007ffd899a1b81:   d3 48 8d 0d 8f 44 00 00 e8 22 08 00 00 48 8b cb
0x00007ffd899a1b91:   e8 aa fe ff ff ba 78 00 00 00 48 8b cb e8 b1 0e
0x00007ffd899a1ba1:   00 00 48 8d 0d 76 46 00 00 48 83 c4 20 5b e9 80
0x00007ffd899a1bb1:   0c 00 00 48 89 5c 24 08 48 89 74 24 10 57 48 83
0x00007ffd899a1bc1:   ec 20 41 8b f1 4d 8b c8 48 8b fa 4c 8b d9 4d 85
0x00007ffd899a1bd1:   c0 74 78 85 f6 74 74 44 8a 12 48 8d 5a 01 48 8b
0x00007ffd899a1be1:   d3 b8 93 01 00 01 eb 12 69 c0 93 01 00 01 41 0f
0x00007ffd899a1bf1:   b6 ca 44 8a 12 33 c1 48 ff c2 45 84 d2 75 e9 4d
0x00007ffd899a1c01:   8b 03 0f ba f0 1f 33 d2 49 8b cb f7 f6 48 63 c2
0x00007ffd899a1c11:   41 8b 14 81 41 ff 50 08 85 c0 7e 24 8a 0f eb 10
0x00007ffd899a1c21:   69 c0 93 01 00 01 0f b6 c9 33 c1 8a 0b 48 ff c3
0x00007ffd899a1c31:   84 c9 75 ec 0f ba f0 1f 33 d2 f7 f6 8b c2 eb 0e
0x00007ffd899a1c41:   79 09 83 c9 ff 2b c8 8b c1 eb 03 83 c8 ff 48 8b
0x00007ffd899a1c51:   5c 24 30 48 8b 74 24 38 48 83 c4 20 5f c3 cc 48
0x00007ffd899a1c61:   89 5c 24 08 48 89 74 24 10 57 48 83 ec 20 48 8b
0x00007ffd899a1c71:   f1 48 8d 0d a7 45 00 00 e8 ae 0b 00 00 33 ff 39
0x00007ffd899a1c81:   3d 92 43 00 00 76 24 48 8b 05 91 43 00 00 48 8b
0x00007ffd899a1c91:   d6 48 8b 1c f8 48 8b 0b e8 32 1f 00 00 85 c0 74
0x00007ffd899a1ca1:   2b ff c7 3b 3d 6e 43 00 00 72 dc 33 db 48 8d 0d
0x00007ffd899a1cb1:   6b 45 00 00 e8 7a 0b 00 00 48 8b 74 24 38 48 8b
0x00007ffd899a1cc1:   c3 48 8b 5c 24 30 48 83 c4 20 5f c3 ff 43 08 eb
0x00007ffd899a1cd1:   dc cc cc 48 89 5c 24 08 48 89 74 24 10 57 48 83
0x00007ffd899a1ce1:   ec 20 48 8b d9 48 8b f2 48 8b 49 10 49 8b f8 8b
0x00007ffd899a1cf1:   53 30 48 8b 01 ff 50 20 4c 8b 43 50 48 8b d6 48
0x00007ffd899a1d01:   8b 4b 10 44 8b c8 e8 a8 fe ff ff 83 f8 ff 74 38 



---------------  P R O C E S S  ---------------

VM state:not at safepoint (not fully initialized)

VM Mutex/Monitor currently owned by a thread: None


Dynamic libraries:
0x00007ff6768a0000 - 0x00007ff6768ad000 	C:\Program Files\Java\jdk-14.0.2\bin\java.exe
0x00007ffd90350000 - 0x00007ffd90545000 	C:\WINDOWS\SYSTEM32\ntdll.dll
0x00007ffd8fd10000 - 0x00007ffd8fdcd000 	C:\WINDOWS\System32\KERNEL32.DLL
0x00007ffd8e0b0000 - 0x00007ffd8e378000 	C:\WINDOWS\System32\KERNELBASE.dll
0x00007ffd8db30000 - 0x00007ffd8dc30000 	C:\WINDOWS\System32\ucrtbase.dll
0x00007ffd7c6a0000 - 0x00007ffd7c6b5000 	C:\Program Files\Java\jdk-14.0.2\bin\VCRUNTIME140.dll
0x00007ffd7e2f0000 - 0x00007ffd7e308000 	C:\Program Files\Java\jdk-14.0.2\bin\jli.dll
0x00007ffd900e0000 - 0x00007ffd90280000 	C:\WINDOWS\System32\USER32.dll
0x00007ffd8e380000 - 0x00007ffd8e3a2000 	C:\WINDOWS\System32\win32u.dll
0x00007ffd8f740000 - 0x00007ffd8f76a000 	C:\WINDOWS\System32\GDI32.dll
0x00007ffd8dcc0000 - 0x00007ffd8ddcb000 	C:\WINDOWS\System32\gdi32full.dll
0x00007ffd8da90000 - 0x00007ffd8db2d000 	C:\WINDOWS\System32\msvcp_win.dll
0x00007ffd7d5a0000 - 0x00007ffd7d83a000 	C:\WINDOWS\WinSxS\amd64_microsoft.windows.common-controls_6595b64144ccf1df_6.0.19041.844_none_ca00b6081b84eb1d\COMCTL32.dll
0x00007ffd8f890000 - 0x00007ffd8f92e000 	C:\WINDOWS\System32\msvcrt.dll
0x00007ffd902e0000 - 0x00007ffd90310000 	C:\WINDOWS\System32\IMM32.DLL
0x00007ffd599d0000 - 0x00007ffd59a6b000 	C:\Program Files\Java\jdk-14.0.2\bin\msvcp140.dll
0x00007ffd14260000 - 0x00007ffd14d7e000 	C:\Program Files\Java\jdk-14.0.2\bin\server\jvm.dll
0x00007ffd8f930000 - 0x00007ffd8f9dc000 	C:\WINDOWS\System32\ADVAPI32.dll
0x00007ffd8fac0000 - 0x00007ffd8fb5b000 	C:\WINDOWS\System32\sechost.dll
0x00007ffd8fe60000 - 0x00007ffd8ff8b000 	C:\WINDOWS\System32\RPCRT4.dll
0x00007ffd8fab0000 - 0x00007ffd8fab8000 	C:\WINDOWS\System32\PSAPI.DLL
0x00007ffd797e0000 - 0x00007ffd797e9000 	C:\WINDOWS\SYSTEM32\WSOCK32.dll
0x00007ffd86020000 - 0x00007ffd8602a000 	C:\WINDOWS\SYSTEM32\VERSION.dll
0x00007ffd7e5f0000 - 0x00007ffd7e617000 	C:\WINDOWS\SYSTEM32\WINMM.dll
0x00007ffd8fa40000 - 0x00007ffd8faab000 	C:\WINDOWS\System32\WS2_32.dll
0x00007ffd8b9a0000 - 0x00007ffd8b9b2000 	C:\WINDOWS\SYSTEM32\kernel.appcore.dll
0x00007ffd899a0000 - 0x00007ffd899aa000 	C:\Program Files\Java\jdk-14.0.2\bin\jimage.dll
0x00007ffd7b9d0000 - 0x00007ffd7bbb4000 	C:\WINDOWS\SYSTEM32\DBGHELP.DLL
0x00007ffd7c2c0000 - 0x00007ffd7c2ec000 	C:\WINDOWS\SYSTEM32\dbgcore.DLL
0x00007ffd8dfe0000 - 0x00007ffd8e060000 	C:\WINDOWS\System32\bcryptPrimitives.dll

dbghelp: loaded successfully - version: 4.0.5 - missing functions: none
symbol engine: initialized successfully - sym options: 0x614 - pdb path: .;C:\Program Files\Java\jdk-14.0.2\bin;C:\WINDOWS\SYSTEM32;C:\WINDOWS\WinSxS\amd64_microsoft.windows.common-controls_6595b64144ccf1df_6.0.19041.844_none_ca00b6081b84eb1d;C:\Program Files\Java\jdk-14.0.2\bin\server

VM Arguments:
java_command: <unknown>
java_class_path (initial): <not set>
Launcher Type: SUN_STANDARD

[Global flags]
     bool UseLargePagesIndividualAllocation        = false                                  {pd product} {ergonomic}

Logging:
Log output configuration:
 #0: stdout all=warning uptime,level,tags
 #1: stderr all=off uptime,level,tags

Environment Variables:
PATH=C:\Program Files (x86)\VMware\VMware Workstation\bin\;C:\Python38\Scripts\;C:\Python38\;C:\app\saili\product\11.2.0\dbhome_1\bin;C:\WINDOWS\system32;C:\WINDOWS;C:\WINDOWS\System32\Wbem;C:\WINDOWS\System32\WindowsPowerShell\v1.0\;C:\WINDOWS\System32\OpenSSH\;C:\Program Files\Java\jdk-11.0.6\bin;C:\Program Files\Git\cmd;C:\Program Files\nodejs\;C:\ProgramData\chocolatey\bin;C:\Program Files (x86)\Yarn\bin\;C:\Program Files (x86)\Vim\vim82\;C:\HashiCorp\Vagrant\bin;C:\Program Files\OpenSSL-Win64\bin;;C:\Program Files\Docker\Docker\resources\bin;C:\ProgramData\DockerDesktop\version-bin;C:\Program Files\PuTTY\;C:\Users\saili\AppData\Local\Programs\Python\Python39\Scripts\;C:\Users\saili\AppData\Local\Programs\Python\Python39\;C:\Users\saili\AppData\Local\Microsoft\WindowsApps;C:\MinGW\bin;C:\Program Files\JetBrains\IntelliJ IDEA Community Edition 2020.1.1\bin;C:\Users\saili\AppData\Roaming\npm;C:\Users\saili\AppData\Local\Yarn\bin;C:\Program Files\JetBrains\PyCharm Community Edition 2020.2.1\bin;C:\Users\saili\AppData\Local\Programs\Microsoft VS Code\bin
USERNAME=saili
OS=Windows_NT
PROCESSOR_IDENTIFIER=Intel64 Family 6 Model 142 Stepping 10, GenuineIntel



---------------  S Y S T E M  ---------------

OS: Windows 10 , 64 bit Build 19041 (10.0.19041.928)
OS uptime: 10 days 12:24 hours

CPU:total 4 (initial active 0) 

Memory: 4k page, system-wide physical 7833M (768M free)
TotalPageFile size 31385M (AvailPageFile size 4M)
current process WorkingSet (physical memory assigned to process): 8M, peak: 8M
current process commit charge ("private bytes"): 3M, peak: 3M

vm_info: OpenJDK 64-Bit Server VM (14.0.2+12-46) for windows-amd64 JRE (14.0.2+12-46), built on Jul  9 2020 00:31:16 by "mach5one" with MS VC++ 15.9 (VS2017)

END.
