#
# There is insufficient memory for the Java Runtime Environment to continue.
# Native memory allocation (malloc) failed to allocate 1400976 bytes for Chunk::new
# Possible reasons:
#   The system is out of physical RAM or swap space
#   The process is running with CompressedOops enabled, and the Java Heap may be blocking the growth of the native heap
# Possible solutions:
#   Reduce memory load on the system
#   Increase physical memory or swap space
#   Check if swap backing store is full
#   Decrease Java heap size (-Xmx/-Xms)
#   Decrease number of Java threads
#   Decrease Java thread stack sizes (-Xss)
#   Set larger code cache with -XX:ReservedCodeCacheSize=
#   JVM is running with Unscaled Compressed Oops mode in which the Java heap is
#     placed in the first 4GB address space. The Java Heap base address is the
#     maximum limit for the native heap growth. Please use -XX:HeapBaseMinAddress
#     to set the Java Heap base and to place the Java Heap above 4GB virtual address.
# This output file may be truncated or incomplete.
#
#  Out of Memory Error (./open/src/hotspot/share/memory/arena.cpp:195), pid=25020, tid=13664
#
# JRE version: OpenJDK Runtime Environment (14.0.2+12) (build 14.0.2+12-46)
# Java VM: OpenJDK 64-Bit Server VM (14.0.2+12-46, mixed mode, sharing, tiered, compressed oops, g1 gc, windows-amd64)
# No core dump will be written. Minidumps are not enabled by default on client versions of Windows
#

---------------  S U M M A R Y ------------

Command Line: --add-opens=java.base/java.util=ALL-UNNAMED --add-opens=java.base/java.lang=ALL-UNNAMED --add-opens=java.base/java.lang.invoke=ALL-UNNAMED --add-opens=java.prefs/java.util.prefs=ALL-UNNAMED -XX:MaxMetaspaceSize=256m -XX:+HeapDumpOnOutOfMemoryError -Xms256m -Xmx512m -Dfile.encoding=UTF-8 -Duser.country=KR -Duser.language=ko -Duser.variant org.gradle.launcher.daemon.bootstrap.GradleDaemon 6.8.3

Host: Intel(R) Core(TM) i3-8130U CPU @ 2.20GHz, 4 cores, 7G,  Windows 10 , 64 bit Build 19041 (10.0.19041.928)
Time: Sun Jun  6 00:11:24 2021 ¥Î«—πŒ±π «•¡ÿΩ√ elapsed time: 19 seconds (0d 0h 0m 19s)

---------------  T H R E A D  ---------------

Current thread (0x00000189f57f3000):  JavaThread "C2 CompilerThread0" daemon [_thread_in_native, id=13664, stack(0x00000071f4400000,0x00000071f4500000)]


Current CompileTask:
C2:  19277 4748       4       groovy.lang.MetaClassImpl$1MOPIter::methodNameAction (325 bytes)

Stack: [0x00000071f4400000,0x00000071f4500000]
Native frames: (J=compiled Java code, j=interpreted, Vv=VM code, C=native code)
V  [jvm.dll+0x5f8a9a]
V  [jvm.dll+0x74247a]
V  [jvm.dll+0x743c2f]
V  [jvm.dll+0x744273]
V  [jvm.dll+0x20d288]
V  [jvm.dll+0xabb07]
V  [jvm.dll+0xac1fc]
V  [jvm.dll+0x31c495]
V  [jvm.dll+0x18ce00]
V  [jvm.dll+0x1e5efa]
V  [jvm.dll+0x1e50b8]
V  [jvm.dll+0x1779cc]
V  [jvm.dll+0x1f4105]
V  [jvm.dll+0x1f22eb]
V  [jvm.dll+0x7070cd]
V  [jvm.dll+0x6ffeda]
V  [jvm.dll+0x5f78f6]
C  [ucrtbase.dll+0x21bb2]
C  [KERNEL32.DLL+0x17034]
C  [ntdll.dll+0x52651]


---------------  P R O C E S S  ---------------

Threads class SMR info:
_java_thread_list=0x00000189f8127e00, length=57, elements={
0x00000189e791a800, 0x00000189f57c8800, 0x00000189f57ca000, 0x00000189f57e7000,
0x00000189f57eb000, 0x00000189f57ec800, 0x00000189f57f3000, 0x00000189f57f7000,
0x00000189f5825000, 0x00000189f61db000, 0x00000189f61dc800, 0x00000189f61e0800,
0x00000189f61e0000, 0x00000189f61de000, 0x00000189f61e1800, 0x00000189f61df000,
0x00000189f61db800, 0x00000189f771b800, 0x00000189f7717000, 0x00000189f771a800,
0x00000189f7718000, 0x00000189f7716800, 0x00000189f7719000, 0x00000189f7719800,
0x00000189f7715800, 0x00000189f771c000, 0x00000189f7720000, 0x00000189f7722800,
0x00000189f771d000, 0x00000189f7723800, 0x00000189f7721000, 0x00000189f771f800,
0x00000189f7722000, 0x00000189f771e800, 0x00000189f81d2000, 0x00000189f81d1800,
0x00000189f81d5800, 0x00000189f81d0800, 0x00000189f81d3000, 0x00000189f81cf800,
0x00000189f81d6000, 0x00000189f81d7000, 0x00000189f81d8000, 0x00000189f81d9800,
0x00000189f81d8800, 0x00000189f81d4800, 0x00000189f81d4000, 0x00000189f81dd800,
0x00000189f81dc000, 0x00000189f81da800, 0x00000189f81db000, 0x00000189f81de800,
0x00000189f81dd000, 0x00000189f8984800, 0x00000189f8989800, 0x00000189f898b000,
0x00000189f898a800
}

Java Threads: ( => current thread )
  0x00000189e791a800 JavaThread "main" [_thread_blocked, id=26816, stack(0x00000071f3800000,0x00000071f3900000)]
  0x00000189f57c8800 JavaThread "Reference Handler" daemon [_thread_blocked, id=28392, stack(0x00000071f3f00000,0x00000071f4000000)]
  0x00000189f57ca000 JavaThread "Finalizer" daemon [_thread_blocked, id=15144, stack(0x00000071f4000000,0x00000071f4100000)]
  0x00000189f57e7000 JavaThread "Signal Dispatcher" daemon [_thread_blocked, id=17140, stack(0x00000071f4100000,0x00000071f4200000)]
  0x00000189f57eb000 JavaThread "Attach Listener" daemon [_thread_blocked, id=21812, stack(0x00000071f4200000,0x00000071f4300000)]
  0x00000189f57ec800 JavaThread "Service Thread" daemon [_thread_blocked, id=2268, stack(0x00000071f4300000,0x00000071f4400000)]
=>0x00000189f57f3000 JavaThread "C2 CompilerThread0" daemon [_thread_in_native, id=13664, stack(0x00000071f4400000,0x00000071f4500000)]
  0x00000189f57f7000 JavaThread "C1 CompilerThread0" daemon [_thread_blocked, id=13556, stack(0x00000071f4500000,0x00000071f4600000)]
  0x00000189f5825000 JavaThread "Sweeper thread" daemon [_thread_blocked, id=28964, stack(0x00000071f4600000,0x00000071f4700000)]
  0x00000189f61db000 JavaThread "Common-Cleaner" daemon [_thread_blocked, id=30608, stack(0x00000071f4700000,0x00000071f4800000)]
  0x00000189f61dc800 JavaThread "Notification Thread" daemon [_thread_blocked, id=21176, stack(0x00000071f4800000,0x00000071f4900000)]
  0x00000189f61e0800 JavaThread "Daemon health stats" [_thread_blocked, id=13388, stack(0x00000071f4d00000,0x00000071f4e00000)]
  0x00000189f61e0000 JavaThread "Incoming local TCP Connector on port 53493" [_thread_in_native, id=25128, stack(0x00000071f5000000,0x00000071f5100000)]
  0x00000189f61de000 JavaThread "Daemon periodic checks" [_thread_blocked, id=6220, stack(0x00000071f5100000,0x00000071f5200000)]
  0x00000189f61e1800 JavaThread "Daemon" [_thread_blocked, id=17344, stack(0x00000071f5200000,0x00000071f5300000)]
  0x00000189f61df000 JavaThread "Handler for socket connection from /127.0.0.1:53493 to /127.0.0.1:53494" [_thread_in_native, id=24400, stack(0x00000071f5300000,0x00000071f5400000)]
  0x00000189f61db800 JavaThread "Cancel handler" [_thread_blocked, id=25596, stack(0x00000071f5400000,0x00000071f5500000)]
  0x00000189f771b800 JavaThread "Daemon worker" [_thread_in_vm, id=30980, stack(0x00000071f5500000,0x00000071f5600000)]
  0x00000189f7717000 JavaThread "Asynchronous log dispatcher for DefaultDaemonConnection: socket connection from /127.0.0.1:53493 to /127.0.0.1:53494" [_thread_blocked, id=31144, stack(0x00000071f5600000,0x00000071f5700000)]
  0x00000189f771a800 JavaThread "Stdin handler" [_thread_blocked, id=28576, stack(0x00000071f5700000,0x00000071f5800000)]
  0x00000189f7718000 JavaThread "Daemon client event forwarder" [_thread_blocked, id=29816, stack(0x00000071f5800000,0x00000071f5900000)]
  0x00000189f7716800 JavaThread "Cache worker for file hash cache (C:\Users\saili\.gradle\caches\6.8.3\fileHashes)" [_thread_blocked, id=10908, stack(0x00000071f5900000,0x00000071f5a00000)]
  0x00000189f7719000 JavaThread "File lock request listener" [_thread_in_native, id=22980, stack(0x00000071f5a00000,0x00000071f5b00000)]
  0x00000189f7719800 JavaThread "Cache worker for journal cache (C:\Users\saili\.gradle\caches\journal-1)" [_thread_blocked, id=23412, stack(0x00000071f5b00000,0x00000071f5c00000)]
  0x00000189f7715800 JavaThread "Cache worker for file hash cache (C:\Users\saili\Desktop\Í∞ïÏùò\Ï°∏ÏóÖ\Ïª¥Ìì®ÌÑ∞Í≥µÌïô\msa\phrase-service\.gradle\6.8.3\fileHashes)" [_thread_blocked, id=15600, stack(0x00000071f5c00000,0x00000071f5d00000)]
  0x00000189f771c000 JavaThread "Cache worker for checksums cache (C:\Users\saili\Desktop\Í∞ïÏùò\Ï°∏ÏóÖ\Ïª¥Ìì®ÌÑ∞Í≥µÌïô\msa\phrase-service\.gradle\checksums)" [_thread_blocked, id=29048, stack(0x00000071f5d00000,0x00000071f5e00000)]
  0x00000189f7720000 JavaThread "Cache worker for cache directory md-supplier (C:\Users\saili\.gradle\caches\6.8.3\md-supplier)" [_thread_blocked, id=28744, stack(0x00000071f5e00000,0x00000071f5f00000)]
  0x00000189f7722800 JavaThread "Cache worker for cache directory md-rule (C:\Users\saili\.gradle\caches\6.8.3\md-rule)" [_thread_blocked, id=14644, stack(0x00000071f5f00000,0x00000071f6000000)]
  0x00000189f771d000 JavaThread "Cache worker for execution history cache (C:\Users\saili\.gradle\caches\6.8.3\executionHistory)" [_thread_blocked, id=7640, stack(0x00000071f6000000,0x00000071f6100000)]
  0x00000189f7723800 JavaThread "jar transforms" [_thread_blocked, id=8336, stack(0x00000071f6100000,0x00000071f6200000)]
  0x00000189f7721000 JavaThread "Cache worker for file content cache (C:\Users\saili\.gradle\caches\6.8.3\fileContent)" [_thread_blocked, id=24792, stack(0x00000071f6200000,0x00000071f6300000)]
  0x00000189f771f800 JavaThread "Cache worker for Build Output Cleanup Cache (C:\Users\saili\Desktop\Í∞ïÏùò\Ï°∏ÏóÖ\Ïª¥Ìì®ÌÑ∞Í≥µÌïô\msa\phrase-service\.gradle\buildOutputCleanup)" [_thread_blocked, id=4368, stack(0x00000071f6300000,0x00000071f6400000)]
  0x00000189f7722000 JavaThread "Build operations" [_thread_blocked, id=26460, stack(0x00000071f6400000,0x00000071f6500000)]
  0x00000189f771e800 JavaThread "Build operations Thread 2" [_thread_blocked, id=19940, stack(0x00000071f6500000,0x00000071f6600000)]
  0x00000189f81d2000 JavaThread "Build operations Thread 3" [_thread_blocked, id=19272, stack(0x00000071f6600000,0x00000071f6700000)]
  0x00000189f81d1800 JavaThread "Build operations Thread 4" [_thread_blocked, id=23000, stack(0x00000071f6700000,0x00000071f6800000)]
  0x00000189f81d5800 JavaThread "jar transforms Thread 2" [_thread_blocked, id=27936, stack(0x00000071f6800000,0x00000071f6900000)]
  0x00000189f81d0800 JavaThread "jar transforms Thread 3" [_thread_blocked, id=24520, stack(0x00000071f6900000,0x00000071f6a00000)]
  0x00000189f81d3000 JavaThread "jar transforms Thread 4" [_thread_blocked, id=15448, stack(0x00000071f6a00000,0x00000071f6b00000)]
  0x00000189f81cf800 JavaThread "jar transforms Thread 5" [_thread_blocked, id=31368, stack(0x00000071f6b00000,0x00000071f6c00000)]
  0x00000189f81d6000 JavaThread "jar transforms Thread 6" [_thread_blocked, id=31132, stack(0x00000071f6c00000,0x00000071f6d00000)]
  0x00000189f81d7000 JavaThread "jar transforms Thread 7" [_thread_blocked, id=29160, stack(0x00000071f6d00000,0x00000071f6e00000)]
  0x00000189f81d8000 JavaThread "jar transforms Thread 8" [_thread_blocked, id=25732, stack(0x00000071f6e00000,0x00000071f6f00000)]
  0x00000189f81d9800 JavaThread "jar transforms Thread 9" [_thread_blocked, id=6244, stack(0x00000071f6f00000,0x00000071f7000000)]
  0x00000189f81d8800 JavaThread "jar transforms Thread 10" [_thread_blocked, id=29864, stack(0x00000071f7000000,0x00000071f7100000)]
  0x00000189f81d4800 JavaThread "jar transforms Thread 11" [_thread_blocked, id=7052, stack(0x00000071f7100000,0x00000071f7200000)]
  0x00000189f81d4000 JavaThread "jar transforms Thread 12" [_thread_blocked, id=18888, stack(0x00000071f7200000,0x00000071f7300000)]
  0x00000189f81dd800 JavaThread "jar transforms Thread 13" [_thread_blocked, id=8600, stack(0x00000071f7300000,0x00000071f7400000)]
  0x00000189f81dc000 JavaThread "jar transforms Thread 14" [_thread_blocked, id=22744, stack(0x00000071f7400000,0x00000071f7500000)]
  0x00000189f81da800 JavaThread "jar transforms Thread 15" [_thread_blocked, id=23060, stack(0x00000071f7500000,0x00000071f7600000)]
  0x00000189f81db000 JavaThread "jar transforms Thread 16" [_thread_blocked, id=3480, stack(0x00000071f7600000,0x00000071f7700000)]
  0x00000189f81de800 JavaThread "jar transforms Thread 17" [_thread_blocked, id=30840, stack(0x00000071f7700000,0x00000071f7800000)]
  0x00000189f81dd000 JavaThread "Memory manager" [_thread_blocked, id=25820, stack(0x00000071f7800000,0x00000071f7900000)]
  0x00000189f8984800 JavaThread "Execution worker for ':'" [_thread_blocked, id=26948, stack(0x00000071f7a00000,0x00000071f7b00000)]
  0x00000189f8989800 JavaThread "Execution worker for ':' Thread 2" [_thread_blocked, id=8896, stack(0x00000071f7b00000,0x00000071f7c00000)]
  0x00000189f898b000 JavaThread "Execution worker for ':' Thread 3" [_thread_blocked, id=31624, stack(0x00000071f7c00000,0x00000071f7d00000)]
  0x00000189f898a800 JavaThread "Cache worker for execution history cache (C:\Users\saili\Desktop\Í∞ïÏùò\Ï°∏ÏóÖ\Ïª¥Ìì®ÌÑ∞Í≥µÌïô\msa\phrase-service\.gradle\6.8.3\executionHistory)" [_thread_blocked, id=31576, stack(0x00000071f7d00000,0x00000071f7e00000)]

Other Threads:
  0x00000189f57c6800 VMThread "VM Thread" [stack: 0x00000071f3e00000,0x00000071f3f00000] [id=14056]
  0x00000189f61fc000 WatcherThread [stack: 0x00000071f4900000,0x00000071f4a00000] [id=21696]
  0x00000189e7944000 GCTaskThread "GC Thread#0" [stack: 0x00000071f3900000,0x00000071f3a00000] [id=20344]
  0x00000189f65c0000 GCTaskThread "GC Thread#1" [stack: 0x00000071f4a00000,0x00000071f4b00000] [id=29684]
  0x00000189f65ba800 GCTaskThread "GC Thread#2" [stack: 0x00000071f4b00000,0x00000071f4c00000] [id=15508]
  0x00000189f65bd000 GCTaskThread "GC Thread#3" [stack: 0x00000071f4c00000,0x00000071f4d00000] [id=13504]
  0x00000189e794a000 ConcurrentGCThread "G1 Main Marker" [stack: 0x00000071f3a00000,0x00000071f3b00000] [id=17308]
  0x00000189e794b000 ConcurrentGCThread "G1 Conc#0" [stack: 0x00000071f3b00000,0x00000071f3c00000] [id=22620]
  0x00000189e79fe000 ConcurrentGCThread "G1 Refine#0" [stack: 0x00000071f3c00000,0x00000071f3d00000] [id=29168]
  0x00000189f81a2800 ConcurrentGCThread "G1 Refine#1" [stack: 0x00000071f7900000,0x00000071f7a00000] [id=11868]
  0x00000189f5672800 ConcurrentGCThread "G1 Young RemSet Sampling" [stack: 0x00000071f3d00000,0x00000071f3e00000] [id=20556]

Threads with active compile tasks:
C2 CompilerThread0    19395 4748       4       groovy.lang.MetaClassImpl$1MOPIter::methodNameAction (325 bytes)

VM state:not at safepoint (normal execution)

VM Mutex/Monitor currently owned by a thread: None

Heap address: 0x00000000e0000000, size: 512 MB, Compressed Oops mode: 32-bit
Narrow klass base: 0x0000000800000000, Narrow klass shift: 3
Compressed class space size: 260046848 Address: 0x0000000800b30000

Heap:
 garbage-first heap   total 262144K, used 81141K [0x00000000e0000000, 0x0000000100000000)
  region size 1024K, 62 young (63488K), 16 survivors (16384K)
 Metaspace       used 48906K, capacity 50420K, committed 50560K, reserved 299008K
  class space    used 6704K, capacity 7209K, committed 7296K, reserved 253952K
Heap Regions: E=young(eden), S=young(survivor), O=old, HS=humongous(starts), HC=humongous(continues), CS=collection set, F=free, OA=open archive, CA=closed archive, TAMS=top-at-mark-start (previous, next)
|   0|0x00000000e0000000, 0x00000000e0100000, 0x00000000e0100000|100%| O|  |TAMS 0x00000000e0100000, 0x00000000e0000000| Untracked 
|   1|0x00000000e0100000, 0x00000000e0200000, 0x00000000e0200000|100%| O|  |TAMS 0x00000000e0200000, 0x00000000e0100000| Untracked 
|   2|0x00000000e0200000, 0x00000000e0300000, 0x00000000e0300000|100%| O|  |TAMS 0x00000000e0253400, 0x00000000e0200000| Untracked 
|   3|0x00000000e0300000, 0x00000000e0400000, 0x00000000e0400000|100%|HS|  |TAMS 0x00000000e0400000, 0x00000000e0300000| Complete 
|   4|0x00000000e0400000, 0x00000000e0500000, 0x00000000e0500000|100%|HC|  |TAMS 0x00000000e0500000, 0x00000000e0400000| Complete 
|   5|0x00000000e0500000, 0x00000000e0600000, 0x00000000e0600000|100%|HC|  |TAMS 0x00000000e0600000, 0x00000000e0500000| Complete 
|   6|0x00000000e0600000, 0x00000000e0700000, 0x00000000e0700000|100%| O|  |TAMS 0x00000000e0700000, 0x00000000e0600000| Untracked 
|   7|0x00000000e0700000, 0x00000000e0800000, 0x00000000e0800000|100%| O|  |TAMS 0x00000000e0800000, 0x00000000e0700000| Untracked 
|   8|0x00000000e0800000, 0x00000000e0900000, 0x00000000e0900000|100%| O|  |TAMS 0x00000000e0900000, 0x00000000e0800000| Untracked 
|   9|0x00000000e0900000, 0x00000000e0900000, 0x00000000e0a00000|  0%| F|  |TAMS 0x00000000e0900000, 0x00000000e0900000| Untracked 
|  10|0x00000000e0a00000, 0x00000000e0b00000, 0x00000000e0b00000|100%| O|  |TAMS 0x00000000e0a00000, 0x00000000e0a00000| Untracked 
|  11|0x00000000e0b00000, 0x00000000e0c00000, 0x00000000e0c00000|100%| O|  |TAMS 0x00000000e0b00000, 0x00000000e0b00000| Untracked 
|  12|0x00000000e0c00000, 0x00000000e0d00000, 0x00000000e0d00000|100%| O|  |TAMS 0x00000000e0c00000, 0x00000000e0c00000| Untracked 
|  13|0x00000000e0d00000, 0x00000000e0e00000, 0x00000000e0e00000|100%| O|  |TAMS 0x00000000e0d00000, 0x00000000e0d00000| Untracked 
|  14|0x00000000e0e00000, 0x00000000e0f00000, 0x00000000e0f00000|100%| O|  |TAMS 0x00000000e0e00000, 0x00000000e0e00000| Untracked 
|  15|0x00000000e0f00000, 0x00000000e1000000, 0x00000000e1000000|100%| O|  |TAMS 0x00000000e0f00000, 0x00000000e0f00000| Untracked 
|  16|0x00000000e1000000, 0x00000000e1100000, 0x00000000e1100000|100%| O|  |TAMS 0x00000000e1000000, 0x00000000e1000000| Untracked 
|  17|0x00000000e1100000, 0x00000000e1200000, 0x00000000e1200000|100%| O|  |TAMS 0x00000000e1100000, 0x00000000e1100000| Untracked 
|  18|0x00000000e1200000, 0x00000000e1300000, 0x00000000e1300000|100%| O|  |TAMS 0x00000000e1200000, 0x00000000e1200000| Untracked 
|  19|0x00000000e1300000, 0x00000000e13bd600, 0x00000000e1400000| 73%| O|  |TAMS 0x00000000e1300000, 0x00000000e1300000| Untracked 
|  20|0x00000000e1400000, 0x00000000e1400000, 0x00000000e1500000|  0%| F|  |TAMS 0x00000000e1400000, 0x00000000e1400000| Untracked 
|  21|0x00000000e1500000, 0x00000000e1500000, 0x00000000e1600000|  0%| F|  |TAMS 0x00000000e1500000, 0x00000000e1500000| Untracked 
|  22|0x00000000e1600000, 0x00000000e1600000, 0x00000000e1700000|  0%| F|  |TAMS 0x00000000e1600000, 0x00000000e1600000| Untracked 
|  23|0x00000000e1700000, 0x00000000e1700000, 0x00000000e1800000|  0%| F|  |TAMS 0x00000000e1700000, 0x00000000e1700000| Untracked 
|  24|0x00000000e1800000, 0x00000000e1800000, 0x00000000e1900000|  0%| F|  |TAMS 0x00000000e1800000, 0x00000000e1800000| Untracked 
|  25|0x00000000e1900000, 0x00000000e1900000, 0x00000000e1a00000|  0%| F|  |TAMS 0x00000000e1900000, 0x00000000e1900000| Untracked 
|  26|0x00000000e1a00000, 0x00000000e1a00000, 0x00000000e1b00000|  0%| F|  |TAMS 0x00000000e1a00000, 0x00000000e1a00000| Untracked 
|  27|0x00000000e1b00000, 0x00000000e1b00000, 0x00000000e1c00000|  0%| F|  |TAMS 0x00000000e1b00000, 0x00000000e1b00000| Untracked 
|  28|0x00000000e1c00000, 0x00000000e1c00000, 0x00000000e1d00000|  0%| F|  |TAMS 0x00000000e1c00000, 0x00000000e1c00000| Untracked 
|  29|0x00000000e1d00000, 0x00000000e1d00000, 0x00000000e1e00000|  0%| F|  |TAMS 0x00000000e1d00000, 0x00000000e1d00000| Untracked 
|  30|0x00000000e1e00000, 0x00000000e1e00000, 0x00000000e1f00000|  0%| F|  |TAMS 0x00000000e1e00000, 0x00000000e1e00000| Untracked 
|  31|0x00000000e1f00000, 0x00000000e1f00000, 0x00000000e2000000|  0%| F|  |TAMS 0x00000000e1f00000, 0x00000000e1f00000| Untracked 
|  32|0x00000000e2000000, 0x00000000e2000000, 0x00000000e2100000|  0%| F|  |TAMS 0x00000000e2000000, 0x00000000e2000000| Untracked 
|  33|0x00000000e2100000, 0x00000000e2100000, 0x00000000e2200000|  0%| F|  |TAMS 0x00000000e2100000, 0x00000000e2100000| Untracked 
|  34|0x00000000e2200000, 0x00000000e2200000, 0x00000000e2300000|  0%| F|  |TAMS 0x00000000e2200000, 0x00000000e2200000| Untracked 
|  35|0x00000000e2300000, 0x00000000e2300000, 0x00000000e2400000|  0%| F|  |TAMS 0x00000000e2300000, 0x00000000e2300000| Untracked 
|  36|0x00000000e2400000, 0x00000000e2400000, 0x00000000e2500000|  0%| F|  |TAMS 0x00000000e2400000, 0x00000000e2400000| Untracked 
|  37|0x00000000e2500000, 0x00000000e2500000, 0x00000000e2600000|  0%| F|  |TAMS 0x00000000e2500000, 0x00000000e2500000| Untracked 
|  38|0x00000000e2600000, 0x00000000e2600000, 0x00000000e2700000|  0%| F|  |TAMS 0x00000000e2600000, 0x00000000e2600000| Untracked 
|  39|0x00000000e2700000, 0x00000000e2700000, 0x00000000e2800000|  0%| F|  |TAMS 0x00000000e2700000, 0x00000000e2700000| Untracked 
|  40|0x00000000e2800000, 0x00000000e2800000, 0x00000000e2900000|  0%| F|  |TAMS 0x00000000e2800000, 0x00000000e2800000| Untracked 
|  41|0x00000000e2900000, 0x00000000e2900000, 0x00000000e2a00000|  0%| F|  |TAMS 0x00000000e2900000, 0x00000000e2900000| Untracked 
|  42|0x00000000e2a00000, 0x00000000e2a00000, 0x00000000e2b00000|  0%| F|  |TAMS 0x00000000e2a00000, 0x00000000e2a00000| Untracked 
|  43|0x00000000e2b00000, 0x00000000e2b00000, 0x00000000e2c00000|  0%| F|  |TAMS 0x00000000e2b00000, 0x00000000e2b00000| Untracked 
|  44|0x00000000e2c00000, 0x00000000e2c00000, 0x00000000e2d00000|  0%| F|  |TAMS 0x00000000e2c00000, 0x00000000e2c00000| Untracked 
|  45|0x00000000e2d00000, 0x00000000e2d00000, 0x00000000e2e00000|  0%| F|  |TAMS 0x00000000e2d00000, 0x00000000e2d00000| Untracked 
|  46|0x00000000e2e00000, 0x00000000e2e00000, 0x00000000e2f00000|  0%| F|  |TAMS 0x00000000e2e00000, 0x00000000e2e00000| Untracked 
|  47|0x00000000e2f00000, 0x00000000e2f00000, 0x00000000e3000000|  0%| F|  |TAMS 0x00000000e2f00000, 0x00000000e2f00000| Untracked 
|  48|0x00000000e3000000, 0x00000000e3000000, 0x00000000e3100000|  0%| F|  |TAMS 0x00000000e3000000, 0x00000000e3000000| Untracked 
|  49|0x00000000e3100000, 0x00000000e3100000, 0x00000000e3200000|  0%| F|  |TAMS 0x00000000e3100000, 0x00000000e3100000| Untracked 
|  50|0x00000000e3200000, 0x00000000e3200000, 0x00000000e3300000|  0%| F|  |TAMS 0x00000000e3200000, 0x00000000e3200000| Untracked 
|  51|0x00000000e3300000, 0x00000000e3300000, 0x00000000e3400000|  0%| F|  |TAMS 0x00000000e3300000, 0x00000000e3300000| Untracked 
|  52|0x00000000e3400000, 0x00000000e3400000, 0x00000000e3500000|  0%| F|  |TAMS 0x00000000e3400000, 0x00000000e3400000| Untracked 
|  53|0x00000000e3500000, 0x00000000e3500000, 0x00000000e3600000|  0%| F|  |TAMS 0x00000000e3500000, 0x00000000e3500000| Untracked 
|  54|0x00000000e3600000, 0x00000000e3600000, 0x00000000e3700000|  0%| F|  |TAMS 0x00000000e3600000, 0x00000000e3600000| Untracked 
|  55|0x00000000e3700000, 0x00000000e3700000, 0x00000000e3800000|  0%| F|  |TAMS 0x00000000e3700000, 0x00000000e3700000| Untracked 
|  56|0x00000000e3800000, 0x00000000e3800000, 0x00000000e3900000|  0%| F|  |TAMS 0x00000000e3800000, 0x00000000e3800000| Untracked 
|  57|0x00000000e3900000, 0x00000000e3900000, 0x00000000e3a00000|  0%| F|  |TAMS 0x00000000e3900000, 0x00000000e3900000| Untracked 
|  58|0x00000000e3a00000, 0x00000000e3a00000, 0x00000000e3b00000|  0%| F|  |TAMS 0x00000000e3a00000, 0x00000000e3a00000| Untracked 
|  59|0x00000000e3b00000, 0x00000000e3b00000, 0x00000000e3c00000|  0%| F|  |TAMS 0x00000000e3b00000, 0x00000000e3b00000| Untracked 
|  60|0x00000000e3c00000, 0x00000000e3c00000, 0x00000000e3d00000|  0%| F|  |TAMS 0x00000000e3c00000, 0x00000000e3c00000| Untracked 
|  61|0x00000000e3d00000, 0x00000000e3d00000, 0x00000000e3e00000|  0%| F|  |TAMS 0x00000000e3d00000, 0x00000000e3d00000| Untracked 
|  62|0x00000000e3e00000, 0x00000000e3e00000, 0x00000000e3f00000|  0%| F|  |TAMS 0x00000000e3e00000, 0x00000000e3e00000| Untracked 
|  63|0x00000000e3f00000, 0x00000000e3f00000, 0x00000000e4000000|  0%| F|  |TAMS 0x00000000e3f00000, 0x00000000e3f00000| Untracked 
|  64|0x00000000e4000000, 0x00000000e4000000, 0x00000000e4100000|  0%| F|  |TAMS 0x00000000e4000000, 0x00000000e4000000| Untracked 
|  65|0x00000000e4100000, 0x00000000e4100000, 0x00000000e4200000|  0%| F|  |TAMS 0x00000000e4100000, 0x00000000e4100000| Untracked 
|  66|0x00000000e4200000, 0x00000000e4200000, 0x00000000e4300000|  0%| F|  |TAMS 0x00000000e4200000, 0x00000000e4200000| Untracked 
|  67|0x00000000e4300000, 0x00000000e4300000, 0x00000000e4400000|  0%| F|  |TAMS 0x00000000e4300000, 0x00000000e4300000| Untracked 
|  68|0x00000000e4400000, 0x00000000e4400000, 0x00000000e4500000|  0%| F|  |TAMS 0x00000000e4400000, 0x00000000e4400000| Untracked 
|  69|0x00000000e4500000, 0x00000000e4500000, 0x00000000e4600000|  0%| F|  |TAMS 0x00000000e4500000, 0x00000000e4500000| Untracked 
|  70|0x00000000e4600000, 0x00000000e4600000, 0x00000000e4700000|  0%| F|  |TAMS 0x00000000e4600000, 0x00000000e4600000| Untracked 
|  71|0x00000000e4700000, 0x00000000e4700000, 0x00000000e4800000|  0%| F|  |TAMS 0x00000000e4700000, 0x00000000e4700000| Untracked 
|  72|0x00000000e4800000, 0x00000000e4800000, 0x00000000e4900000|  0%| F|  |TAMS 0x00000000e4800000, 0x00000000e4800000| Untracked 
|  73|0x00000000e4900000, 0x00000000e4900000, 0x00000000e4a00000|  0%| F|  |TAMS 0x00000000e4900000, 0x00000000e4900000| Untracked 
|  74|0x00000000e4a00000, 0x00000000e4a00000, 0x00000000e4b00000|  0%| F|  |TAMS 0x00000000e4a00000, 0x00000000e4a00000| Untracked 
|  75|0x00000000e4b00000, 0x00000000e4b00000, 0x00000000e4c00000|  0%| F|  |TAMS 0x00000000e4b00000, 0x00000000e4b00000| Untracked 
|  76|0x00000000e4c00000, 0x00000000e4c00000, 0x00000000e4d00000|  0%| F|  |TAMS 0x00000000e4c00000, 0x00000000e4c00000| Untracked 
|  77|0x00000000e4d00000, 0x00000000e4d00000, 0x00000000e4e00000|  0%| F|  |TAMS 0x00000000e4d00000, 0x00000000e4d00000| Untracked 
|  78|0x00000000e4e00000, 0x00000000e4e00000, 0x00000000e4f00000|  0%| F|  |TAMS 0x00000000e4e00000, 0x00000000e4e00000| Untracked 
|  79|0x00000000e4f00000, 0x00000000e4f00000, 0x00000000e5000000|  0%| F|  |TAMS 0x00000000e4f00000, 0x00000000e4f00000| Untracked 
|  80|0x00000000e5000000, 0x00000000e5000000, 0x00000000e5100000|  0%| F|  |TAMS 0x00000000e5000000, 0x00000000e5000000| Untracked 
|  81|0x00000000e5100000, 0x00000000e5100000, 0x00000000e5200000|  0%| F|  |TAMS 0x00000000e5100000, 0x00000000e5100000| Untracked 
|  82|0x00000000e5200000, 0x00000000e5200000, 0x00000000e5300000|  0%| F|  |TAMS 0x00000000e5200000, 0x00000000e5200000| Untracked 
|  83|0x00000000e5300000, 0x00000000e5300000, 0x00000000e5400000|  0%| F|  |TAMS 0x00000000e5300000, 0x00000000e5300000| Untracked 
|  84|0x00000000e5400000, 0x00000000e5400000, 0x00000000e5500000|  0%| F|  |TAMS 0x00000000e5400000, 0x00000000e5400000| Untracked 
|  85|0x00000000e5500000, 0x00000000e5500000, 0x00000000e5600000|  0%| F|  |TAMS 0x00000000e5500000, 0x00000000e5500000| Untracked 
|  86|0x00000000e5600000, 0x00000000e5600000, 0x00000000e5700000|  0%| F|  |TAMS 0x00000000e5600000, 0x00000000e5600000| Untracked 
|  87|0x00000000e5700000, 0x00000000e5780000, 0x00000000e5800000| 50%| S|CS|TAMS 0x00000000e5700000, 0x00000000e5700000| Complete 
|  88|0x00000000e5800000, 0x00000000e5900000, 0x00000000e5900000|100%| S|CS|TAMS 0x00000000e5800000, 0x00000000e5800000| Complete 
|  89|0x00000000e5900000, 0x00000000e5a00000, 0x00000000e5a00000|100%| S|CS|TAMS 0x00000000e5900000, 0x00000000e5900000| Complete 
|  90|0x00000000e5a00000, 0x00000000e5b00000, 0x00000000e5b00000|100%| S|CS|TAMS 0x00000000e5a00000, 0x00000000e5a00000| Complete 
|  91|0x00000000e5b00000, 0x00000000e5c00000, 0x00000000e5c00000|100%| S|CS|TAMS 0x00000000e5b00000, 0x00000000e5b00000| Complete 
|  92|0x00000000e5c00000, 0x00000000e5d00000, 0x00000000e5d00000|100%| S|CS|TAMS 0x00000000e5c00000, 0x00000000e5c00000| Complete 
|  93|0x00000000e5d00000, 0x00000000e5e00000, 0x00000000e5e00000|100%| S|CS|TAMS 0x00000000e5d00000, 0x00000000e5d00000| Complete 
|  94|0x00000000e5e00000, 0x00000000e5f00000, 0x00000000e5f00000|100%| S|CS|TAMS 0x00000000e5e00000, 0x00000000e5e00000| Complete 
|  95|0x00000000e5f00000, 0x00000000e6000000, 0x00000000e6000000|100%| S|CS|TAMS 0x00000000e5f00000, 0x00000000e5f00000| Complete 
|  96|0x00000000e6000000, 0x00000000e6100000, 0x00000000e6100000|100%| S|CS|TAMS 0x00000000e6000000, 0x00000000e6000000| Complete 
|  97|0x00000000e6100000, 0x00000000e6200000, 0x00000000e6200000|100%| S|CS|TAMS 0x00000000e6100000, 0x00000000e6100000| Complete 
|  98|0x00000000e6200000, 0x00000000e6300000, 0x00000000e6300000|100%| S|CS|TAMS 0x00000000e6200000, 0x00000000e6200000| Complete 
|  99|0x00000000e6300000, 0x00000000e6400000, 0x00000000e6400000|100%| S|CS|TAMS 0x00000000e6300000, 0x00000000e6300000| Complete 
| 100|0x00000000e6400000, 0x00000000e6500000, 0x00000000e6500000|100%| S|CS|TAMS 0x00000000e6400000, 0x00000000e6400000| Complete 
| 101|0x00000000e6500000, 0x00000000e6600000, 0x00000000e6600000|100%| S|CS|TAMS 0x00000000e6500000, 0x00000000e6500000| Complete 
| 102|0x00000000e6600000, 0x00000000e6700000, 0x00000000e6700000|100%| S|CS|TAMS 0x00000000e6600000, 0x00000000e6600000| Complete 
| 103|0x00000000e6700000, 0x00000000e6700000, 0x00000000e6800000|  0%| F|  |TAMS 0x00000000e6700000, 0x00000000e6700000| Untracked 
| 104|0x00000000e6800000, 0x00000000e6800000, 0x00000000e6900000|  0%| F|  |TAMS 0x00000000e6800000, 0x00000000e6800000| Untracked 
| 105|0x00000000e6900000, 0x00000000e6900000, 0x00000000e6a00000|  0%| F|  |TAMS 0x00000000e6900000, 0x00000000e6900000| Untracked 
| 106|0x00000000e6a00000, 0x00000000e6a00000, 0x00000000e6b00000|  0%| F|  |TAMS 0x00000000e6a00000, 0x00000000e6a00000| Untracked 
| 107|0x00000000e6b00000, 0x00000000e6b00000, 0x00000000e6c00000|  0%| F|  |TAMS 0x00000000e6b00000, 0x00000000e6b00000| Untracked 
| 108|0x00000000e6c00000, 0x00000000e6c00000, 0x00000000e6d00000|  0%| F|  |TAMS 0x00000000e6c00000, 0x00000000e6c00000| Untracked 
| 109|0x00000000e6d00000, 0x00000000e6d00000, 0x00000000e6e00000|  0%| F|  |TAMS 0x00000000e6d00000, 0x00000000e6d00000| Untracked 
| 110|0x00000000e6e00000, 0x00000000e6e00000, 0x00000000e6f00000|  0%| F|  |TAMS 0x00000000e6e00000, 0x00000000e6e00000| Untracked 
| 111|0x00000000e6f00000, 0x00000000e6f00000, 0x00000000e7000000|  0%| F|  |TAMS 0x00000000e6f00000, 0x00000000e6f00000| Untracked 
| 112|0x00000000e7000000, 0x00000000e7000000, 0x00000000e7100000|  0%| F|  |TAMS 0x00000000e7000000, 0x00000000e7000000| Untracked 
| 113|0x00000000e7100000, 0x00000000e7100000, 0x00000000e7200000|  0%| F|  |TAMS 0x00000000e7100000, 0x00000000e7100000| Untracked 
| 114|0x00000000e7200000, 0x00000000e7200000, 0x00000000e7300000|  0%| F|  |TAMS 0x00000000e7200000, 0x00000000e7200000| Untracked 
| 115|0x00000000e7300000, 0x00000000e7300000, 0x00000000e7400000|  0%| F|  |TAMS 0x00000000e7300000, 0x00000000e7300000| Untracked 
| 116|0x00000000e7400000, 0x00000000e7400000, 0x00000000e7500000|  0%| F|  |TAMS 0x00000000e7400000, 0x00000000e7400000| Untracked 
| 117|0x00000000e7500000, 0x00000000e7500000, 0x00000000e7600000|  0%| F|  |TAMS 0x00000000e7500000, 0x00000000e7500000| Untracked 
| 118|0x00000000e7600000, 0x00000000e7600000, 0x00000000e7700000|  0%| F|  |TAMS 0x00000000e7600000, 0x00000000e7600000| Untracked 
| 119|0x00000000e7700000, 0x00000000e7700000, 0x00000000e7800000|  0%| F|  |TAMS 0x00000000e7700000, 0x00000000e7700000| Untracked 
| 120|0x00000000e7800000, 0x00000000e7800000, 0x00000000e7900000|  0%| F|  |TAMS 0x00000000e7800000, 0x00000000e7800000| Untracked 
| 121|0x00000000e7900000, 0x00000000e7900000, 0x00000000e7a00000|  0%| F|  |TAMS 0x00000000e7900000, 0x00000000e7900000| Untracked 
| 122|0x00000000e7a00000, 0x00000000e7a00000, 0x00000000e7b00000|  0%| F|  |TAMS 0x00000000e7a00000, 0x00000000e7a00000| Untracked 
| 123|0x00000000e7b00000, 0x00000000e7b00000, 0x00000000e7c00000|  0%| F|  |TAMS 0x00000000e7b00000, 0x00000000e7b00000| Untracked 
| 124|0x00000000e7c00000, 0x00000000e7c00000, 0x00000000e7d00000|  0%| F|  |TAMS 0x00000000e7c00000, 0x00000000e7c00000| Untracked 
| 125|0x00000000e7d00000, 0x00000000e7d00000, 0x00000000e7e00000|  0%| F|  |TAMS 0x00000000e7d00000, 0x00000000e7d00000| Untracked 
| 126|0x00000000e7e00000, 0x00000000e7e00000, 0x00000000e7f00000|  0%| F|  |TAMS 0x00000000e7e00000, 0x00000000e7e00000| Untracked 
| 127|0x00000000e7f00000, 0x00000000e7f00000, 0x00000000e8000000|  0%| F|  |TAMS 0x00000000e7f00000, 0x00000000e7f00000| Untracked 
| 128|0x00000000e8000000, 0x00000000e8000000, 0x00000000e8100000|  0%| F|  |TAMS 0x00000000e8000000, 0x00000000e8000000| Untracked 
| 129|0x00000000e8100000, 0x00000000e8100000, 0x00000000e8200000|  0%| F|  |TAMS 0x00000000e8100000, 0x00000000e8100000| Untracked 
| 130|0x00000000e8200000, 0x00000000e8200000, 0x00000000e8300000|  0%| F|  |TAMS 0x00000000e8200000, 0x00000000e8200000| Untracked 
| 131|0x00000000e8300000, 0x00000000e8300000, 0x00000000e8400000|  0%| F|  |TAMS 0x00000000e8300000, 0x00000000e8300000| Untracked 
| 132|0x00000000e8400000, 0x00000000e8400000, 0x00000000e8500000|  0%| F|  |TAMS 0x00000000e8400000, 0x00000000e8400000| Untracked 
| 133|0x00000000e8500000, 0x00000000e8500000, 0x00000000e8600000|  0%| F|  |TAMS 0x00000000e8500000, 0x00000000e8500000| Untracked 
| 134|0x00000000e8600000, 0x00000000e8600000, 0x00000000e8700000|  0%| F|  |TAMS 0x00000000e8600000, 0x00000000e8600000| Untracked 
| 135|0x00000000e8700000, 0x00000000e8700000, 0x00000000e8800000|  0%| F|  |TAMS 0x00000000e8700000, 0x00000000e8700000| Untracked 
| 136|0x00000000e8800000, 0x00000000e8800000, 0x00000000e8900000|  0%| F|  |TAMS 0x00000000e8800000, 0x00000000e8800000| Untracked 
| 137|0x00000000e8900000, 0x00000000e8900000, 0x00000000e8a00000|  0%| F|  |TAMS 0x00000000e8900000, 0x00000000e8900000| Untracked 
| 138|0x00000000e8a00000, 0x00000000e8a00000, 0x00000000e8b00000|  0%| F|  |TAMS 0x00000000e8a00000, 0x00000000e8a00000| Untracked 
| 139|0x00000000e8b00000, 0x00000000e8b00000, 0x00000000e8c00000|  0%| F|  |TAMS 0x00000000e8b00000, 0x00000000e8b00000| Untracked 
| 140|0x00000000e8c00000, 0x00000000e8c00000, 0x00000000e8d00000|  0%| F|  |TAMS 0x00000000e8c00000, 0x00000000e8c00000| Untracked 
| 141|0x00000000e8d00000, 0x00000000e8d00000, 0x00000000e8e00000|  0%| F|  |TAMS 0x00000000e8d00000, 0x00000000e8d00000| Untracked 
| 142|0x00000000e8e00000, 0x00000000e8e00000, 0x00000000e8f00000|  0%| F|  |TAMS 0x00000000e8e00000, 0x00000000e8e00000| Untracked 
| 143|0x00000000e8f00000, 0x00000000e8f00000, 0x00000000e9000000|  0%| F|  |TAMS 0x00000000e8f00000, 0x00000000e8f00000| Untracked 
| 144|0x00000000e9000000, 0x00000000e9000000, 0x00000000e9100000|  0%| F|  |TAMS 0x00000000e9000000, 0x00000000e9000000| Untracked 
| 145|0x00000000e9100000, 0x00000000e9100000, 0x00000000e9200000|  0%| F|  |TAMS 0x00000000e9100000, 0x00000000e9100000| Untracked 
| 146|0x00000000e9200000, 0x00000000e9200000, 0x00000000e9300000|  0%| F|  |TAMS 0x00000000e9200000, 0x00000000e9200000| Untracked 
| 147|0x00000000e9300000, 0x00000000e9300000, 0x00000000e9400000|  0%| F|  |TAMS 0x00000000e9300000, 0x00000000e9300000| Untracked 
| 148|0x00000000e9400000, 0x00000000e9400000, 0x00000000e9500000|  0%| F|  |TAMS 0x00000000e9400000, 0x00000000e9400000| Untracked 
| 149|0x00000000e9500000, 0x00000000e9500000, 0x00000000e9600000|  0%| F|  |TAMS 0x00000000e9500000, 0x00000000e9500000| Untracked 
| 150|0x00000000e9600000, 0x00000000e9600000, 0x00000000e9700000|  0%| F|  |TAMS 0x00000000e9600000, 0x00000000e9600000| Untracked 
| 151|0x00000000e9700000, 0x00000000e9700000, 0x00000000e9800000|  0%| F|  |TAMS 0x00000000e9700000, 0x00000000e9700000| Untracked 
| 152|0x00000000e9800000, 0x00000000e9800000, 0x00000000e9900000|  0%| F|  |TAMS 0x00000000e9800000, 0x00000000e9800000| Untracked 
| 153|0x00000000e9900000, 0x00000000e9900000, 0x00000000e9a00000|  0%| F|  |TAMS 0x00000000e9900000, 0x00000000e9900000| Untracked 
| 154|0x00000000e9a00000, 0x00000000e9a00000, 0x00000000e9b00000|  0%| F|  |TAMS 0x00000000e9a00000, 0x00000000e9a00000| Untracked 
| 155|0x00000000e9b00000, 0x00000000e9b00000, 0x00000000e9c00000|  0%| F|  |TAMS 0x00000000e9b00000, 0x00000000e9b00000| Untracked 
| 156|0x00000000e9c00000, 0x00000000e9c00000, 0x00000000e9d00000|  0%| F|  |TAMS 0x00000000e9c00000, 0x00000000e9c00000| Untracked 
| 157|0x00000000e9d00000, 0x00000000e9d00000, 0x00000000e9e00000|  0%| F|  |TAMS 0x00000000e9d00000, 0x00000000e9d00000| Untracked 
| 158|0x00000000e9e00000, 0x00000000e9e00000, 0x00000000e9f00000|  0%| F|  |TAMS 0x00000000e9e00000, 0x00000000e9e00000| Untracked 
| 159|0x00000000e9f00000, 0x00000000e9f00000, 0x00000000ea000000|  0%| F|  |TAMS 0x00000000e9f00000, 0x00000000e9f00000| Untracked 
| 160|0x00000000ea000000, 0x00000000ea000000, 0x00000000ea100000|  0%| F|  |TAMS 0x00000000ea000000, 0x00000000ea000000| Untracked 
| 161|0x00000000ea100000, 0x00000000ea100000, 0x00000000ea200000|  0%| F|  |TAMS 0x00000000ea100000, 0x00000000ea100000| Untracked 
| 162|0x00000000ea200000, 0x00000000ea200000, 0x00000000ea300000|  0%| F|  |TAMS 0x00000000ea200000, 0x00000000ea200000| Untracked 
| 163|0x00000000ea300000, 0x00000000ea300000, 0x00000000ea400000|  0%| F|  |TAMS 0x00000000ea300000, 0x00000000ea300000| Untracked 
| 164|0x00000000ea400000, 0x00000000ea400000, 0x00000000ea500000|  0%| F|  |TAMS 0x00000000ea400000, 0x00000000ea400000| Untracked 
| 165|0x00000000ea500000, 0x00000000ea500000, 0x00000000ea600000|  0%| F|  |TAMS 0x00000000ea500000, 0x00000000ea500000| Untracked 
| 166|0x00000000ea600000, 0x00000000ea600000, 0x00000000ea700000|  0%| F|  |TAMS 0x00000000ea600000, 0x00000000ea600000| Untracked 
| 167|0x00000000ea700000, 0x00000000ea700000, 0x00000000ea800000|  0%| F|  |TAMS 0x00000000ea700000, 0x00000000ea700000| Untracked 
| 168|0x00000000ea800000, 0x00000000ea800000, 0x00000000ea900000|  0%| F|  |TAMS 0x00000000ea800000, 0x00000000ea800000| Untracked 
| 169|0x00000000ea900000, 0x00000000ea900000, 0x00000000eaa00000|  0%| F|  |TAMS 0x00000000ea900000, 0x00000000ea900000| Untracked 
| 170|0x00000000eaa00000, 0x00000000eaa00000, 0x00000000eab00000|  0%| F|  |TAMS 0x00000000eaa00000, 0x00000000eaa00000| Untracked 
| 171|0x00000000eab00000, 0x00000000eab00000, 0x00000000eac00000|  0%| F|  |TAMS 0x00000000eab00000, 0x00000000eab00000| Untracked 
| 172|0x00000000eac00000, 0x00000000eac00000, 0x00000000ead00000|  0%| F|  |TAMS 0x00000000eac00000, 0x00000000eac00000| Untracked 
| 173|0x00000000ead00000, 0x00000000ead00000, 0x00000000eae00000|  0%| F|  |TAMS 0x00000000ead00000, 0x00000000ead00000| Untracked 
| 174|0x00000000eae00000, 0x00000000eae00000, 0x00000000eaf00000|  0%| F|  |TAMS 0x00000000eae00000, 0x00000000eae00000| Untracked 
| 175|0x00000000eaf00000, 0x00000000eaf00000, 0x00000000eb000000|  0%| F|  |TAMS 0x00000000eaf00000, 0x00000000eaf00000| Untracked 
| 176|0x00000000eb000000, 0x00000000eb000000, 0x00000000eb100000|  0%| F|  |TAMS 0x00000000eb000000, 0x00000000eb000000| Untracked 
| 177|0x00000000eb100000, 0x00000000eb100000, 0x00000000eb200000|  0%| F|  |TAMS 0x00000000eb100000, 0x00000000eb100000| Untracked 
| 178|0x00000000eb200000, 0x00000000eb200000, 0x00000000eb300000|  0%| F|  |TAMS 0x00000000eb200000, 0x00000000eb200000| Untracked 
| 179|0x00000000eb300000, 0x00000000eb300000, 0x00000000eb400000|  0%| F|  |TAMS 0x00000000eb300000, 0x00000000eb300000| Untracked 
| 180|0x00000000eb400000, 0x00000000eb400000, 0x00000000eb500000|  0%| F|  |TAMS 0x00000000eb400000, 0x00000000eb400000| Untracked 
| 181|0x00000000eb500000, 0x00000000eb500000, 0x00000000eb600000|  0%| F|  |TAMS 0x00000000eb500000, 0x00000000eb500000| Untracked 
| 182|0x00000000eb600000, 0x00000000eb600000, 0x00000000eb700000|  0%| F|  |TAMS 0x00000000eb600000, 0x00000000eb600000| Untracked 
| 183|0x00000000eb700000, 0x00000000eb700000, 0x00000000eb800000|  0%| F|  |TAMS 0x00000000eb700000, 0x00000000eb700000| Untracked 
| 184|0x00000000eb800000, 0x00000000eb800000, 0x00000000eb900000|  0%| F|  |TAMS 0x00000000eb800000, 0x00000000eb800000| Untracked 
| 185|0x00000000eb900000, 0x00000000eb900000, 0x00000000eba00000|  0%| F|  |TAMS 0x00000000eb900000, 0x00000000eb900000| Untracked 
| 186|0x00000000eba00000, 0x00000000eba00000, 0x00000000ebb00000|  0%| F|  |TAMS 0x00000000eba00000, 0x00000000eba00000| Untracked 
| 187|0x00000000ebb00000, 0x00000000ebb00000, 0x00000000ebc00000|  0%| F|  |TAMS 0x00000000ebb00000, 0x00000000ebb00000| Untracked 
| 188|0x00000000ebc00000, 0x00000000ebc00000, 0x00000000ebd00000|  0%| F|  |TAMS 0x00000000ebc00000, 0x00000000ebc00000| Untracked 
| 189|0x00000000ebd00000, 0x00000000ebd00000, 0x00000000ebe00000|  0%| F|  |TAMS 0x00000000ebd00000, 0x00000000ebd00000| Untracked 
| 190|0x00000000ebe00000, 0x00000000ebe00000, 0x00000000ebf00000|  0%| F|  |TAMS 0x00000000ebe00000, 0x00000000ebe00000| Untracked 
| 191|0x00000000ebf00000, 0x00000000ebf00000, 0x00000000ec000000|  0%| F|  |TAMS 0x00000000ebf00000, 0x00000000ebf00000| Untracked 
| 192|0x00000000ec000000, 0x00000000ec000000, 0x00000000ec100000|  0%| F|  |TAMS 0x00000000ec000000, 0x00000000ec000000| Untracked 
| 193|0x00000000ec100000, 0x00000000ec100000, 0x00000000ec200000|  0%| F|  |TAMS 0x00000000ec100000, 0x00000000ec100000| Untracked 
| 194|0x00000000ec200000, 0x00000000ec200000, 0x00000000ec300000|  0%| F|  |TAMS 0x00000000ec200000, 0x00000000ec200000| Untracked 
| 195|0x00000000ec300000, 0x00000000ec300000, 0x00000000ec400000|  0%| F|  |TAMS 0x00000000ec300000, 0x00000000ec300000| Untracked 
| 196|0x00000000ec400000, 0x00000000ec400000, 0x00000000ec500000|  0%| F|  |TAMS 0x00000000ec400000, 0x00000000ec400000| Untracked 
| 197|0x00000000ec500000, 0x00000000ec500000, 0x00000000ec600000|  0%| F|  |TAMS 0x00000000ec500000, 0x00000000ec500000| Untracked 
| 198|0x00000000ec600000, 0x00000000ec600000, 0x00000000ec700000|  0%| F|  |TAMS 0x00000000ec600000, 0x00000000ec600000| Untracked 
| 199|0x00000000ec700000, 0x00000000ec700000, 0x00000000ec800000|  0%| F|  |TAMS 0x00000000ec700000, 0x00000000ec700000| Untracked 
| 200|0x00000000ec800000, 0x00000000ec800000, 0x00000000ec900000|  0%| F|  |TAMS 0x00000000ec800000, 0x00000000ec800000| Untracked 
| 201|0x00000000ec900000, 0x00000000ec900000, 0x00000000eca00000|  0%| F|  |TAMS 0x00000000ec900000, 0x00000000ec900000| Untracked 
| 202|0x00000000eca00000, 0x00000000eca00000, 0x00000000ecb00000|  0%| F|  |TAMS 0x00000000eca00000, 0x00000000eca00000| Untracked 
| 203|0x00000000ecb00000, 0x00000000ecb00000, 0x00000000ecc00000|  0%| F|  |TAMS 0x00000000ecb00000, 0x00000000ecb00000| Untracked 
| 204|0x00000000ecc00000, 0x00000000ecc00000, 0x00000000ecd00000|  0%| F|  |TAMS 0x00000000ecc00000, 0x00000000ecc00000| Untracked 
| 205|0x00000000ecd00000, 0x00000000ecd00000, 0x00000000ece00000|  0%| F|  |TAMS 0x00000000ecd00000, 0x00000000ecd00000| Untracked 
| 206|0x00000000ece00000, 0x00000000ece00000, 0x00000000ecf00000|  0%| F|  |TAMS 0x00000000ece00000, 0x00000000ece00000| Untracked 
| 207|0x00000000ecf00000, 0x00000000ecf00000, 0x00000000ed000000|  0%| F|  |TAMS 0x00000000ecf00000, 0x00000000ecf00000| Untracked 
| 208|0x00000000ed000000, 0x00000000ed000000, 0x00000000ed100000|  0%| F|  |TAMS 0x00000000ed000000, 0x00000000ed000000| Untracked 
| 209|0x00000000ed100000, 0x00000000ed100000, 0x00000000ed200000|  0%| F|  |TAMS 0x00000000ed100000, 0x00000000ed100000| Untracked 
| 210|0x00000000ed200000, 0x00000000ed280800, 0x00000000ed300000| 50%| E|  |TAMS 0x00000000ed200000, 0x00000000ed200000| Complete 
| 211|0x00000000ed300000, 0x00000000ed400000, 0x00000000ed400000|100%| E|CS|TAMS 0x00000000ed300000, 0x00000000ed300000| Complete 
| 212|0x00000000ed400000, 0x00000000ed500000, 0x00000000ed500000|100%| E|CS|TAMS 0x00000000ed400000, 0x00000000ed400000| Complete 
| 213|0x00000000ed500000, 0x00000000ed600000, 0x00000000ed600000|100%| E|CS|TAMS 0x00000000ed500000, 0x00000000ed500000| Complete 
| 214|0x00000000ed600000, 0x00000000ed700000, 0x00000000ed700000|100%| E|CS|TAMS 0x00000000ed600000, 0x00000000ed600000| Complete 
| 215|0x00000000ed700000, 0x00000000ed800000, 0x00000000ed800000|100%| E|CS|TAMS 0x00000000ed700000, 0x00000000ed700000| Complete 
| 216|0x00000000ed800000, 0x00000000ed900000, 0x00000000ed900000|100%| E|CS|TAMS 0x00000000ed800000, 0x00000000ed800000| Complete 
| 217|0x00000000ed900000, 0x00000000eda00000, 0x00000000eda00000|100%| E|CS|TAMS 0x00000000ed900000, 0x00000000ed900000| Complete 
| 218|0x00000000eda00000, 0x00000000edb00000, 0x00000000edb00000|100%| E|CS|TAMS 0x00000000eda00000, 0x00000000eda00000| Complete 
| 219|0x00000000edb00000, 0x00000000edc00000, 0x00000000edc00000|100%| E|CS|TAMS 0x00000000edb00000, 0x00000000edb00000| Complete 
| 220|0x00000000edc00000, 0x00000000edd00000, 0x00000000edd00000|100%| E|CS|TAMS 0x00000000edc00000, 0x00000000edc00000| Complete 
| 221|0x00000000edd00000, 0x00000000ede00000, 0x00000000ede00000|100%| E|CS|TAMS 0x00000000edd00000, 0x00000000edd00000| Complete 
| 222|0x00000000ede00000, 0x00000000edf00000, 0x00000000edf00000|100%| E|CS|TAMS 0x00000000ede00000, 0x00000000ede00000| Complete 
| 223|0x00000000edf00000, 0x00000000ee000000, 0x00000000ee000000|100%| E|CS|TAMS 0x00000000edf00000, 0x00000000edf00000| Complete 
| 224|0x00000000ee000000, 0x00000000ee100000, 0x00000000ee100000|100%| E|CS|TAMS 0x00000000ee000000, 0x00000000ee000000| Complete 
| 225|0x00000000ee100000, 0x00000000ee200000, 0x00000000ee200000|100%| E|CS|TAMS 0x00000000ee100000, 0x00000000ee100000| Complete 
| 226|0x00000000ee200000, 0x00000000ee300000, 0x00000000ee300000|100%| E|CS|TAMS 0x00000000ee200000, 0x00000000ee200000| Complete 
| 227|0x00000000ee300000, 0x00000000ee400000, 0x00000000ee400000|100%| E|CS|TAMS 0x00000000ee300000, 0x00000000ee300000| Complete 
| 228|0x00000000ee400000, 0x00000000ee500000, 0x00000000ee500000|100%| E|CS|TAMS 0x00000000ee400000, 0x00000000ee400000| Complete 
| 229|0x00000000ee500000, 0x00000000ee600000, 0x00000000ee600000|100%| E|CS|TAMS 0x00000000ee500000, 0x00000000ee500000| Complete 
| 230|0x00000000ee600000, 0x00000000ee700000, 0x00000000ee700000|100%| E|CS|TAMS 0x00000000ee600000, 0x00000000ee600000| Complete 
| 231|0x00000000ee700000, 0x00000000ee800000, 0x00000000ee800000|100%| E|CS|TAMS 0x00000000ee700000, 0x00000000ee700000| Complete 
| 232|0x00000000ee800000, 0x00000000ee900000, 0x00000000ee900000|100%| E|CS|TAMS 0x00000000ee800000, 0x00000000ee800000| Complete 
| 233|0x00000000ee900000, 0x00000000eea00000, 0x00000000eea00000|100%| E|CS|TAMS 0x00000000ee900000, 0x00000000ee900000| Complete 
| 234|0x00000000eea00000, 0x00000000eeb00000, 0x00000000eeb00000|100%| E|CS|TAMS 0x00000000eea00000, 0x00000000eea00000| Complete 
| 235|0x00000000eeb00000, 0x00000000eec00000, 0x00000000eec00000|100%| E|CS|TAMS 0x00000000eeb00000, 0x00000000eeb00000| Complete 
| 236|0x00000000eec00000, 0x00000000eed00000, 0x00000000eed00000|100%| E|CS|TAMS 0x00000000eec00000, 0x00000000eec00000| Complete 
| 237|0x00000000eed00000, 0x00000000eee00000, 0x00000000eee00000|100%| E|CS|TAMS 0x00000000eed00000, 0x00000000eed00000| Complete 
| 238|0x00000000eee00000, 0x00000000eef00000, 0x00000000eef00000|100%| E|CS|TAMS 0x00000000eee00000, 0x00000000eee00000| Complete 
| 239|0x00000000eef00000, 0x00000000ef000000, 0x00000000ef000000|100%| E|CS|TAMS 0x00000000eef00000, 0x00000000eef00000| Complete 
| 240|0x00000000ef000000, 0x00000000ef100000, 0x00000000ef100000|100%| E|CS|TAMS 0x00000000ef000000, 0x00000000ef000000| Complete 
| 241|0x00000000ef100000, 0x00000000ef200000, 0x00000000ef200000|100%| E|CS|TAMS 0x00000000ef100000, 0x00000000ef100000| Complete 
| 242|0x00000000ef200000, 0x00000000ef300000, 0x00000000ef300000|100%| E|CS|TAMS 0x00000000ef200000, 0x00000000ef200000| Complete 
| 243|0x00000000ef300000, 0x00000000ef400000, 0x00000000ef400000|100%| E|CS|TAMS 0x00000000ef300000, 0x00000000ef300000| Complete 
| 244|0x00000000ef400000, 0x00000000ef500000, 0x00000000ef500000|100%| E|CS|TAMS 0x00000000ef400000, 0x00000000ef400000| Complete 
| 245|0x00000000ef500000, 0x00000000ef600000, 0x00000000ef600000|100%| E|CS|TAMS 0x00000000ef500000, 0x00000000ef500000| Complete 
| 246|0x00000000ef600000, 0x00000000ef700000, 0x00000000ef700000|100%| E|CS|TAMS 0x00000000ef600000, 0x00000000ef600000| Complete 
| 247|0x00000000ef700000, 0x00000000ef800000, 0x00000000ef800000|100%| E|CS|TAMS 0x00000000ef700000, 0x00000000ef700000| Complete 
| 248|0x00000000ef800000, 0x00000000ef900000, 0x00000000ef900000|100%| E|CS|TAMS 0x00000000ef800000, 0x00000000ef800000| Complete 
| 249|0x00000000ef900000, 0x00000000efa00000, 0x00000000efa00000|100%| E|CS|TAMS 0x00000000ef900000, 0x00000000ef900000| Complete 
| 250|0x00000000efa00000, 0x00000000efb00000, 0x00000000efb00000|100%| E|CS|TAMS 0x00000000efa00000, 0x00000000efa00000| Complete 
| 251|0x00000000efb00000, 0x00000000efc00000, 0x00000000efc00000|100%| E|CS|TAMS 0x00000000efb00000, 0x00000000efb00000| Complete 
| 252|0x00000000efc00000, 0x00000000efd00000, 0x00000000efd00000|100%| E|CS|TAMS 0x00000000efc00000, 0x00000000efc00000| Complete 
| 253|0x00000000efd00000, 0x00000000efe00000, 0x00000000efe00000|100%| E|CS|TAMS 0x00000000efd00000, 0x00000000efd00000| Complete 
| 254|0x00000000efe00000, 0x00000000eff00000, 0x00000000eff00000|100%| E|CS|TAMS 0x00000000efe00000, 0x00000000efe00000| Complete 
| 255|0x00000000eff00000, 0x00000000f0000000, 0x00000000f0000000|100%| E|CS|TAMS 0x00000000eff00000, 0x00000000eff00000| Complete 

Card table byte_map: [0x00000189f1fd0000,0x00000189f20d0000] _byte_map_base: 0x00000189f18d0000

Marking Bits (Prev, Next): (CMBitMap*) 0x00000189e7944f28, (CMBitMap*) 0x00000189e7944f68
 Prev Bits: [0x00000189f21d0000, 0x00000189f29d0000)
 Next Bits: [0x00000189f29d0000, 0x00000189f31d0000)

Polling page: 0x00000189e7a00000

Metaspace:

Usage:
  Non-class:     42.20 MB capacity,    41.25 MB ( 98%) used,   834.56 KB (  2%) free+waste,   137.75 KB ( <1%) overhead. 
      Class:      7.07 MB capacity,     6.55 MB ( 93%) used,   464.01 KB (  6%) free+waste,    68.81 KB ( <1%) overhead. 
       Both:     49.27 MB capacity,    47.80 MB ( 97%) used,     1.27 MB (  3%) free+waste,   206.56 KB ( <1%) overhead. 

Virtual space:
  Non-class space:       44.00 MB reserved,      42.25 MB ( 96%) committed 
      Class space:      248.00 MB reserved,       7.13 MB (  3%) committed 
             Both:      292.00 MB reserved,      49.38 MB ( 17%) committed 

Chunk freelists:
   Non-Class:  53.00 KB
       Class:  23.00 KB
        Both:  76.00 KB

MaxMetaspaceSize: 256.00 MB
CompressedClassSpaceSize: 248.00 MB

CodeHeap 'non-profiled nmethods': size=120000Kb used=2872Kb max_used=2872Kb free=117127Kb
 bounds [0x0000018987ad0000, 0x0000018987da0000, 0x000001898f000000]
CodeHeap 'profiled nmethods': size=120000Kb used=11953Kb max_used=11953Kb free=108047Kb
 bounds [0x00000189805a0000, 0x0000018981150000, 0x0000018987ad0000]
CodeHeap 'non-nmethods': size=5760Kb used=2352Kb max_used=2392Kb free=3407Kb
 bounds [0x0000018980000000, 0x0000018980270000, 0x00000189805a0000]
 total_blobs=5954 nmethods=5124 adapters=741
 compilation: enabled
              stopped_count=0, restarted_count=0
 full_count=0

Compilation events (20 events):
Event: 19.254 Thread 0x00000189f57f7000 nmethod 5055 0x00000189810f1590 code [0x00000189810f1a40, 0x00000189810f40e8]
Event: 19.254 Thread 0x00000189f57f7000 5056       2       io.spring.gradle.dependencymanagement.org.codehaus.plexus.util.xml.pull.MXParser::parseEndTag (455 bytes)
Event: 19.257 Thread 0x00000189f57f7000 nmethod 5056 0x00000189810f4e90 code [0x00000189810f53c0, 0x00000189810f8f28]
Event: 19.257 Thread 0x00000189f57f7000 5061       2       io.spring.gradle.dependencymanagement.org.codehaus.plexus.util.xml.pull.MXParser::isWhitespace (117 bytes)
Event: 19.257 Thread 0x00000189f57f7000 nmethod 5061 0x00000189810fa190 code [0x00000189810fa360, 0x00000189810fa788]
Event: 19.257 Thread 0x00000189f57f7000 5058       2       io.spring.gradle.dependencymanagement.org.codehaus.plexus.util.xml.pull.MXParser::parseStartTag (1210 bytes)
Event: 19.262 Thread 0x00000189f57f7000 nmethod 5058 0x00000189810fa990 code [0x00000189810fb180, 0x0000018981100fb8]
Event: 19.262 Thread 0x00000189f57f7000 5069 %     3       io.spring.gradle.dependencymanagement.org.codehaus.plexus.util.xml.pull.MXParser::nextImpl @ 868 (1195 bytes)
Event: 19.266 Thread 0x00000189f57f7000 nmethod 5069% 0x0000018981103510 code [0x0000018981103b60, 0x0000018981107aa8]
Event: 19.266 Thread 0x00000189f57f7000 5070 %     3       io.spring.gradle.dependencymanagement.org.codehaus.plexus.util.xml.pull.MXParser::parseEndTag @ 69 (455 bytes)
Event: 19.269 Thread 0x00000189f57f7000 nmethod 5070% 0x0000018981108b90 code [0x0000018981109240, 0x000001898110e1a8]
Event: 19.270 Thread 0x00000189f57f7000 5073 %     3       io.spring.gradle.dependencymanagement.org.codehaus.plexus.util.xml.pull.MXParser::isWhitespace @ 64 (117 bytes)
Event: 19.270 Thread 0x00000189f57f7000 nmethod 5073% 0x000001898110f810 code [0x000001898110fa20, 0x00000189811102c8]
Event: 19.270 Thread 0x00000189f57f7000 5054       2       io.spring.gradle.dependencymanagement.org.codehaus.plexus.util.xml.pull.MXParser::next (10 bytes)
Event: 19.270 Thread 0x00000189f57f7000 nmethod 5054 0x0000018981110510 code [0x00000189811106a0, 0x00000189811107c8]
Event: 19.270 Thread 0x00000189f57f7000 5059       2       io.spring.gradle.dependencymanagement.org.codehaus.plexus.util.xml.pull.MXParser::isNameStartChar (63 bytes)
Event: 19.271 Thread 0x00000189f57f7000 nmethod 5059 0x0000018981110890 code [0x0000018981110a20, 0x0000018981110bf8]
Event: 19.271 Thread 0x00000189f57f7000 5062       2       io.spring.gradle.dependencymanagement.org.apache.maven.model.io.xpp3.MavenXpp3Reader::checkFieldWithDuplicate (75 bytes)
Event: 19.271 Thread 0x00000189f57f7000 nmethod 5062 0x0000018981110d10 code [0x0000018981110f60, 0x0000018981111598]
Event: 19.271 Thread 0x00000189f57f7000 5060       2       io.spring.gradle.dependencymanagement.org.codehaus.plexus.util.xml.pull.MXParser::nextTag (83 bytes)

GC Heap History (12 events):
Event: 1.583 GC heap before
{Heap before GC invocations=0 (full 0):
 garbage-first heap   total 262144K, used 18432K [0x00000000e0000000, 0x0000000100000000)
  region size 1024K, 13 young (13312K), 0 survivors (0K)
 Metaspace       used 1464K, capacity 5019K, committed 5120K, reserved 262144K
  class space    used 138K, capacity 480K, committed 512K, reserved 253952K
}
Event: 1.649 GC heap after
{Heap after GC invocations=1 (full 0):
 garbage-first heap   total 262144K, used 8132K [0x00000000e0000000, 0x0000000100000000)
  region size 1024K, 2 young (2048K), 2 survivors (2048K)
 Metaspace       used 1464K, capacity 5019K, committed 5120K, reserved 262144K
  class space    used 138K, capacity 480K, committed 512K, reserved 253952K
}
Event: 2.612 GC heap before
{Heap before GC invocations=1 (full 0):
 garbage-first heap   total 262144K, used 20420K [0x00000000e0000000, 0x0000000100000000)
  region size 1024K, 14 young (14336K), 2 survivors (2048K)
 Metaspace       used 4017K, capacity 6749K, committed 7040K, reserved 262144K
  class space    used 520K, capacity 803K, committed 896K, reserved 253952K
}
Event: 2.615 GC heap after
{Heap after GC invocations=2 (full 0):
 garbage-first heap   total 262144K, used 9263K [0x00000000e0000000, 0x0000000100000000)
  region size 1024K, 1 young (1024K), 1 survivors (1024K)
 Metaspace       used 4017K, capacity 6749K, committed 7040K, reserved 262144K
  class space    used 520K, capacity 803K, committed 896K, reserved 253952K
}
Event: 3.666 GC heap before
{Heap before GC invocations=2 (full 0):
 garbage-first heap   total 262144K, used 30767K [0x00000000e0000000, 0x0000000100000000)
  region size 1024K, 23 young (23552K), 1 survivors (1024K)
 Metaspace       used 4143K, capacity 6750K, committed 7040K, reserved 262144K
  class space    used 520K, capacity 803K, committed 896K, reserved 253952K
}
Event: 3.669 GC heap after
{Heap after GC invocations=3 (full 0):
 garbage-first heap   total 262144K, used 11597K [0x00000000e0000000, 0x0000000100000000)
  region size 1024K, 3 young (3072K), 3 survivors (3072K)
 Metaspace       used 4143K, capacity 6750K, committed 7040K, reserved 262144K
  class space    used 520K, capacity 803K, committed 896K, reserved 253952K
}
Event: 10.173 GC heap before
{Heap before GC invocations=3 (full 0):
 garbage-first heap   total 262144K, used 153933K [0x00000000e0000000, 0x0000000100000000)
  region size 1024K, 144 young (147456K), 3 survivors (3072K)
 Metaspace       used 20499K, capacity 21197K, committed 21248K, reserved 272384K
  class space    used 3079K, capacity 3311K, committed 3328K, reserved 253952K
}
Event: 10.186 GC heap after
{Heap after GC invocations=4 (full 0):
 garbage-first heap   total 262144K, used 19372K [0x00000000e0000000, 0x0000000100000000)
  region size 1024K, 11 young (11264K), 11 survivors (11264K)
 Metaspace       used 20499K, capacity 21197K, committed 21248K, reserved 272384K
  class space    used 3079K, capacity 3311K, committed 3328K, reserved 253952K
}
Event: 15.055 GC heap before
{Heap before GC invocations=5 (full 0):
 garbage-first heap   total 262144K, used 113580K [0x00000000e0000000, 0x0000000100000000)
  region size 1024K, 102 young (104448K), 11 survivors (11264K)
 Metaspace       used 34856K, capacity 35723K, committed 35840K, reserved 284672K
  class space    used 4723K, capacity 5008K, committed 5120K, reserved 253952K
}
Event: 15.072 GC heap after
{Heap after GC invocations=6 (full 0):
 garbage-first heap   total 262144K, used 26633K [0x00000000e0000000, 0x0000000100000000)
  region size 1024K, 17 young (17408K), 17 survivors (17408K)
 Metaspace       used 34856K, capacity 35723K, committed 35840K, reserved 284672K
  class space    used 4723K, capacity 5008K, committed 5120K, reserved 253952K
}
Event: 18.276 GC heap before
{Heap before GC invocations=7 (full 0):
 garbage-first heap   total 262144K, used 166921K [0x00000000e0000000, 0x0000000100000000)
  region size 1024K, 153 young (156672K), 17 survivors (17408K)
 Metaspace       used 45139K, capacity 46440K, committed 46592K, reserved 294912K
  class space    used 6155K, capacity 6613K, committed 6656K, reserved 253952K
}
Event: 18.305 GC heap after
{Heap after GC invocations=8 (full 0):
 garbage-first heap   total 262144K, used 35061K [0x00000000e0000000, 0x0000000100000000)
  region size 1024K, 16 young (16384K), 16 survivors (16384K)
 Metaspace       used 45139K, capacity 46440K, committed 46592K, reserved 294912K
  class space    used 6155K, capacity 6613K, committed 6656K, reserved 253952K
}

Deoptimization events (20 events):
Event: 19.073 Thread 0x00000189f771b800 DEOPT PACKING pc=0x00000189810e58d2 sp=0x00000071f55f5560
Event: 19.073 Thread 0x00000189f771b800 DEOPT UNPACKING pc=0x000001898004964e sp=0x00000071f55f49f8 mode 0
Event: 19.079 Thread 0x00000189f771b800 DEOPT PACKING pc=0x00000189810e58d2 sp=0x00000071f55f5560
Event: 19.079 Thread 0x00000189f771b800 DEOPT UNPACKING pc=0x000001898004964e sp=0x00000071f55f49f8 mode 0
Event: 19.080 Thread 0x00000189f771b800 DEOPT PACKING pc=0x00000189810e58d2 sp=0x00000071f55f5670
Event: 19.080 Thread 0x00000189f771b800 DEOPT UNPACKING pc=0x000001898004964e sp=0x00000071f55f4b08 mode 0
Event: 19.081 Thread 0x00000189f771b800 DEOPT PACKING pc=0x00000189810e58d2 sp=0x00000071f55f56c0
Event: 19.081 Thread 0x00000189f771b800 DEOPT UNPACKING pc=0x000001898004964e sp=0x00000071f55f4b58 mode 0
Event: 19.197 Thread 0x00000189f771b800 Uncommon trap: trap_request=0xffffff45 fr.pc=0x0000018987c9b8ec relative=0x00000000000007ac
Event: 19.197 Thread 0x00000189f771b800 Uncommon trap: reason=unstable_if action=reinterpret pc=0x0000018987c9b8ec method=java.io.BufferedInputStream.read([BII)I @ 31 c2
Event: 19.198 Thread 0x00000189f771b800 DEOPT PACKING pc=0x0000018987c9b8ec sp=0x00000071f55f69f0
Event: 19.198 Thread 0x00000189f771b800 DEOPT UNPACKING pc=0x000001898004912f sp=0x00000071f55f69c8 mode 2
Event: 19.198 Thread 0x00000189f771b800 Uncommon trap: trap_request=0xffffffde fr.pc=0x0000018987c99d0c relative=0x000000000000024c
Event: 19.198 Thread 0x00000189f771b800 Uncommon trap: reason=class_check action=maybe_recompile pc=0x0000018987c99d0c method=java.util.regex.Matcher.getTextLength()I @ 4 c2
Event: 19.198 Thread 0x00000189f771b800 DEOPT PACKING pc=0x0000018987c99d0c sp=0x00000071f55f69a0
Event: 19.198 Thread 0x00000189f771b800 DEOPT UNPACKING pc=0x000001898004912f sp=0x00000071f55f68c8 mode 2
Event: 19.198 Thread 0x00000189f771b800 Uncommon trap: trap_request=0xffffffbe fr.pc=0x0000018987d646e0 relative=0x0000000000000900
Event: 19.198 Thread 0x00000189f771b800 Uncommon trap: reason=profile_predicate action=maybe_recompile pc=0x0000018987d646e0 method=java.util.regex.Pattern$BnM.match(Ljava/util/regex/Matcher;ILjava/lang/CharSequence;)Z @ 20 c2
Event: 19.198 Thread 0x00000189f771b800 DEOPT PACKING pc=0x0000018987d646e0 sp=0x00000071f55f69e0
Event: 19.198 Thread 0x00000189f771b800 DEOPT UNPACKING pc=0x000001898004912f sp=0x00000071f55f6920 mode 2

Classes unloaded (0 events):
No events

Classes redefined (0 events):
No events

Internal exceptions (20 events):
Event: 18.459 Thread 0x00000189f771b800 Exception <a 'java/lang/ClassNotFoundException'{0x00000000ef292fd8}: org/gradle/api/internal/tasks/DefaultSourceSetContainer_DecoratedBeanInfo> (0x00000000ef292fd8) 
thrown [./open/src/hotspot/share/classfile/systemDictionary.cpp, line 226]
Event: 18.460 Thread 0x00000189f771b800 Exception <a 'java/lang/ClassNotFoundException'{0x00000000ef2b8e30}: org/gradle/api/internal/tasks/DefaultSourceSetContainerBeanInfo> (0x00000000ef2b8e30) 
thrown [./open/src/hotspot/share/classfile/systemDictionary.cpp, line 226]
Event: 18.461 Thread 0x00000189f771b800 Exception <a 'java/lang/ClassNotFoundException'{0x00000000ef2deca8}: org/gradle/api/internal/tasks/DefaultSourceSetContainerCustomizer> (0x00000000ef2deca8) 
thrown [./open/src/hotspot/share/classfile/systemDictionary.cpp, line 226]
Event: 18.462 Thread 0x00000189f771b800 Exception <a 'java/lang/ClassNotFoundException'{0x00000000ef113be0}: org/gradle/api/internal/tasks/DefaultSourceSetContainer_DecoratedCustomizer> (0x00000000ef113be0) 
thrown [./open/src/hotspot/share/classfile/systemDictionary.cpp, line 226]
Event: 18.472 Thread 0x00000189f771b800 Exception <a 'java/lang/ClassNotFoundException'{0x00000000ef1befa0}: org/gradle/api/internal/tasks/DefaultSourceSet_DecoratedBeanInfo> (0x00000000ef1befa0) 
thrown [./open/src/hotspot/share/classfile/systemDictionary.cpp, line 226]
Event: 18.473 Thread 0x00000189f771b800 Exception <a 'java/lang/ClassNotFoundException'{0x00000000ef1e2c40}: org/gradle/api/internal/tasks/DefaultSourceSetBeanInfo> (0x00000000ef1e2c40) 
thrown [./open/src/hotspot/share/classfile/systemDictionary.cpp, line 226]
Event: 18.474 Thread 0x00000189f771b800 Exception <a 'java/lang/ClassNotFoundException'{0x00000000ef006e60}: org/gradle/api/internal/tasks/DefaultSourceSetCustomizer> (0x00000000ef006e60) 
thrown [./open/src/hotspot/share/classfile/systemDictionary.cpp, line 226]
Event: 18.476 Thread 0x00000189f771b800 Exception <a 'java/lang/ClassNotFoundException'{0x00000000ef04eca0}: org/gradle/api/internal/tasks/DefaultSourceSet_DecoratedCustomizer> (0x00000000ef04eca0) 
thrown [./open/src/hotspot/share/classfile/systemDictionary.cpp, line 226]
Event: 18.483 Thread 0x00000189f771b800 Exception <a 'java/lang/ClassNotFoundException'{0x00000000ef0c86c0}: java/lang/SystemBeanInfo> (0x00000000ef0c86c0) 
thrown [./open/src/hotspot/share/classfile/systemDictionary.cpp, line 226]
Event: 18.483 Thread 0x00000189f771b800 Exception <a 'java/lang/ClassNotFoundException'{0x00000000ef0d2a08}: java/lang/SystemCustomizer> (0x00000000ef0d2a08) 
thrown [./open/src/hotspot/share/classfile/systemDictionary.cpp, line 226]
Event: 18.534 Thread 0x00000189f771b800 Exception <a 'java/lang/NoSuchMethodError'{0x00000000eee3ffd0}: 'int java.lang.invoke.DirectMethodHandle$Holder.invokeInterface(java.lang.Object, java.lang.Object, java.lang.Object, java.lang.Object)'> (0x00000000eee3ffd0) 
thrown [./open/src/hotspot/share/interpreter/linkResolver.cpp, line 766]
Event: 18.546 Thread 0x00000189f771b800 Exception <a 'java/lang/NoSuchMethodError'{0x00000000eee9b220}: 'void java.lang.invoke.DirectMethodHandle$Holder.invokeStatic(java.lang.Object, java.lang.Object, java.lang.Object, java.lang.Object, java.lang.Object, java.lang.Object, java.lang.Object)'> (0x00000000eee9b220) 
thrown [./open/src/hotspot/share/interpreter/linkResolver.cpp, line 766]
Event: 18.610 Thread 0x00000189f771b800 Exception <a 'java/lang/NoSuchMethodError'{0x00000000eebb5508}: 'java.lang.Object java.lang.invoke.Invokers$Holder.linkToTargetMethod(java.lang.Object, int, java.lang.Object)'> (0x00000000eebb5508) 
thrown [./open/src/hotspot/share/interpreter/linkResolver.cpp, line 766]
Event: 18.785 Thread 0x00000189f771b800 Exception <a 'java/lang/NoSuchMethodError'{0x00000000ee3e6ae8}: 'int java.lang.invoke.DirectMethodHandle$Holder.invokeVirtual(java.lang.Object, java.lang.Object)'> (0x00000000ee3e6ae8) 
thrown [./open/src/hotspot/share/interpreter/linkResolver.cpp, line 766]
Event: 18.801 Thread 0x00000189f771b800 Exception <a 'java/lang/NoSuchMethodError'{0x00000000ee25e9b0}: 'java.lang.Object java.lang.invoke.Invokers$Holder.linkToTargetMethod(java.lang.Object, java.lang.Object, java.lang.Object, java.lang.Object, java.lang.Object, java.lang.Object, java.lang.Object)'> (0x00000000ee25e9b0) 
thrown [./open/src/hotspot/share/interpreter/linkResolver.cpp, line 766]
Event: 18.859 Thread 0x00000189f7718000 Exception <a 'java/lang/NoSuchMethodError'{0x00000000efe8d340}: static Lorg/gradle/internal/build/event/types/DefaultTaskStartedProgressEvent;.<clinit>()V> (0x00000000efe8d340) 
thrown [./open/src/hotspot/share/prims/jni.cpp, line 1348]
Event: 18.859 Thread 0x00000189f7718000 Exception <a 'java/lang/NoSuchMethodError'{0x00000000efe8e978}: static Lorg/gradle/internal/build/event/types/AbstractProgressEvent;.<clinit>()V> (0x00000000efe8e978) 
thrown [./open/src/hotspot/share/prims/jni.cpp, line 1348]
Event: 18.860 Thread 0x00000189f7718000 Exception <a 'java/lang/NoSuchMethodError'{0x00000000efe97c78}: static Lorg/gradle/internal/build/event/types/DefaultTaskDescriptor;.<clinit>()V> (0x00000000efe97c78) 
thrown [./open/src/hotspot/share/prims/jni.cpp, line 1348]
Event: 18.862 Thread 0x00000189f7718000 Exception <a 'java/lang/NoSuchMethodError'{0x00000000edf8c0a0}: static Lorg/gradle/internal/operations/OperationIdentifier;.<clinit>()V> (0x00000000edf8c0a0) 
thrown [./open/src/hotspot/share/prims/jni.cpp, line 1348]
Event: 18.862 Thread 0x00000189f7718000 Exception <a 'java/lang/NoSuchMethodError'{0x00000000edf93b80}: static Lorg/gradle/internal/build/event/types/DefaultBinaryPluginIdentifier;.<clinit>()V> (0x00000000edf93b80) 
thrown [./open/src/hotspot/share/prims/jni.cpp, line 1348]

Events (20 events):
Event: 18.903 loading class java/util/HashMap$KeySpliterator done
Event: 18.909 Executing VM operation: HandshakeAllThreads
Event: 18.909 Executing VM operation: HandshakeAllThreads done
Event: 18.933 Loaded shared library C:\Program Files\Java\jdk-14.0.2\bin\nio.dll
Event: 18.993 Executing VM operation: HandshakeOneThread
Event: 18.994 Executing VM operation: HandshakeOneThread done
Event: 18.994 Executing VM operation: HandshakeOneThread
Event: 18.994 Executing VM operation: HandshakeOneThread done
Event: 18.999 Executing VM operation: HandshakeOneThread
Event: 18.999 Executing VM operation: HandshakeOneThread done
Event: 18.999 Executing VM operation: HandshakeOneThread
Event: 18.999 Executing VM operation: HandshakeOneThread done
Event: 19.014 loading class java/nio/file/FileTreeWalker$1
Event: 19.015 loading class java/nio/file/FileTreeWalker$1 done
Event: 19.125 Executing VM operation: HandshakeAllThreads
Event: 19.125 Executing VM operation: HandshakeAllThreads done
Event: 19.178 loading class java/util/Stack
Event: 19.178 loading class java/util/Stack done
Event: 19.196 loading class java/text/MessageFormat
Event: 19.197 loading class java/text/MessageFormat done


Dynamic libraries:
0x00007ff6768a0000 - 0x00007ff6768ad000 	C:\Program Files\Java\jdk-14.0.2\bin\java.exe
0x00007ffd90350000 - 0x00007ffd90545000 	C:\WINDOWS\SYSTEM32\ntdll.dll
0x00007ffd8fd10000 - 0x00007ffd8fdcd000 	C:\WINDOWS\System32\KERNEL32.DLL
0x00007ffd8e0b0000 - 0x00007ffd8e378000 	C:\WINDOWS\System32\KERNELBASE.dll
0x00007ffd8db30000 - 0x00007ffd8dc30000 	C:\WINDOWS\System32\ucrtbase.dll
0x00007ffd7e2f0000 - 0x00007ffd7e308000 	C:\Program Files\Java\jdk-14.0.2\bin\jli.dll
0x00007ffd900e0000 - 0x00007ffd90280000 	C:\WINDOWS\System32\USER32.dll
0x00007ffd8e380000 - 0x00007ffd8e3a2000 	C:\WINDOWS\System32\win32u.dll
0x00007ffd8f740000 - 0x00007ffd8f76a000 	C:\WINDOWS\System32\GDI32.dll
0x00007ffd8dcc0000 - 0x00007ffd8ddcb000 	C:\WINDOWS\System32\gdi32full.dll
0x00007ffd8da90000 - 0x00007ffd8db2d000 	C:\WINDOWS\System32\msvcp_win.dll
0x00007ffd7c6a0000 - 0x00007ffd7c6b5000 	C:\Program Files\Java\jdk-14.0.2\bin\VCRUNTIME140.dll
0x00007ffd7d5a0000 - 0x00007ffd7d83a000 	C:\WINDOWS\WinSxS\amd64_microsoft.windows.common-controls_6595b64144ccf1df_6.0.19041.844_none_ca00b6081b84eb1d\COMCTL32.dll
0x00007ffd8f890000 - 0x00007ffd8f92e000 	C:\WINDOWS\System32\msvcrt.dll
0x00007ffd902e0000 - 0x00007ffd90310000 	C:\WINDOWS\System32\IMM32.DLL
0x00007ffd599d0000 - 0x00007ffd59a6b000 	C:\Program Files\Java\jdk-14.0.2\bin\msvcp140.dll
0x00007ffd14260000 - 0x00007ffd14d7e000 	C:\Program Files\Java\jdk-14.0.2\bin\server\jvm.dll
0x00007ffd8f930000 - 0x00007ffd8f9dc000 	C:\WINDOWS\System32\ADVAPI32.dll
0x00007ffd8fac0000 - 0x00007ffd8fb5b000 	C:\WINDOWS\System32\sechost.dll
0x00007ffd8fe60000 - 0x00007ffd8ff8b000 	C:\WINDOWS\System32\RPCRT4.dll
0x00007ffd8fab0000 - 0x00007ffd8fab8000 	C:\WINDOWS\System32\PSAPI.DLL
0x00007ffd797e0000 - 0x00007ffd797e9000 	C:\WINDOWS\SYSTEM32\WSOCK32.dll
0x00007ffd8fa40000 - 0x00007ffd8faab000 	C:\WINDOWS\System32\WS2_32.dll
0x00007ffd7e5f0000 - 0x00007ffd7e617000 	C:\WINDOWS\SYSTEM32\WINMM.dll
0x00007ffd86020000 - 0x00007ffd8602a000 	C:\WINDOWS\SYSTEM32\VERSION.dll
0x00007ffd8b9a0000 - 0x00007ffd8b9b2000 	C:\WINDOWS\SYSTEM32\kernel.appcore.dll
0x00007ffd899a0000 - 0x00007ffd899aa000 	C:\Program Files\Java\jdk-14.0.2\bin\jimage.dll
0x00007ffd7b9d0000 - 0x00007ffd7bbb4000 	C:\WINDOWS\SYSTEM32\DBGHELP.DLL
0x00007ffd7c2c0000 - 0x00007ffd7c2ec000 	C:\WINDOWS\SYSTEM32\dbgcore.DLL
0x00007ffd8dfe0000 - 0x00007ffd8e060000 	C:\WINDOWS\System32\bcryptPrimitives.dll
0x00007ffd6da60000 - 0x00007ffd6da85000 	C:\Program Files\Java\jdk-14.0.2\bin\java.dll
0x00007ffd6edb0000 - 0x00007ffd6edc6000 	C:\Program Files\Java\jdk-14.0.2\bin\zip.dll
0x00007ffd8ec50000 - 0x00007ffd8f392000 	C:\WINDOWS\System32\SHELL32.dll
0x00007ffd8bba0000 - 0x00007ffd8c330000 	C:\WINDOWS\SYSTEM32\windows.storage.dll
0x00007ffd8e3b0000 - 0x00007ffd8e705000 	C:\WINDOWS\System32\combase.dll
0x00007ffd8d500000 - 0x00007ffd8d52c000 	C:\WINDOWS\SYSTEM32\Wldp.dll
0x00007ffd90030000 - 0x00007ffd900de000 	C:\WINDOWS\System32\SHCORE.dll
0x00007ffd8f4d0000 - 0x00007ffd8f525000 	C:\WINDOWS\System32\shlwapi.dll
0x00007ffd8d9d0000 - 0x00007ffd8d9ef000 	C:\WINDOWS\SYSTEM32\profapi.dll
0x00007ffd6d9f0000 - 0x00007ffd6da09000 	C:\Program Files\Java\jdk-14.0.2\bin\net.dll
0x00007ffd7f190000 - 0x00007ffd7f29b000 	C:\WINDOWS\SYSTEM32\WINHTTP.dll
0x00007ffd8d250000 - 0x00007ffd8d2ba000 	C:\WINDOWS\system32\mswsock.dll
0x00007ffd6c670000 - 0x00007ffd6c682000 	C:\Program Files\Java\jdk-14.0.2\bin\nio.dll
0x00007ffd898c0000 - 0x00007ffd898d0000 	C:\Program Files\Java\jdk-14.0.2\bin\verify.dll
0x00007ffd74660000 - 0x00007ffd74686000 	C:\Users\saili\.gradle\native\fdc75f09e3144964f2cf3f50f0aa648679c211496f362492102eb8c894070792\windows-amd64\native-platform.dll
0x00007ffd5a790000 - 0x00007ffd5a921000 	C:\Users\saili\.gradle\native\12488b8bf47d2d4c9fbf2f6322a914ad602e24e48041cd04a747c6da556b65c4\windows-amd64\native-platform-file-events.dll
0x00007ffd77580000 - 0x00007ffd77589000 	C:\Program Files\Java\jdk-14.0.2\bin\management.dll
0x00007ffd747e0000 - 0x00007ffd747eb000 	C:\Program Files\Java\jdk-14.0.2\bin\management_ext.dll
0x00007ffd8d450000 - 0x00007ffd8d468000 	C:\WINDOWS\SYSTEM32\CRYPTSP.dll
0x00007ffd8cb60000 - 0x00007ffd8cb94000 	C:\WINDOWS\system32\rsaenh.dll
0x00007ffd8dc90000 - 0x00007ffd8dcb7000 	C:\WINDOWS\System32\bcrypt.dll
0x00007ffd8d990000 - 0x00007ffd8d9be000 	C:\WINDOWS\SYSTEM32\USERENV.dll
0x00007ffd8d440000 - 0x00007ffd8d44c000 	C:\WINDOWS\SYSTEM32\CRYPTBASE.dll
0x00007ffd8cee0000 - 0x00007ffd8cf1b000 	C:\WINDOWS\SYSTEM32\IPHLPAPI.DLL
0x00007ffd8ff90000 - 0x00007ffd8ff98000 	C:\WINDOWS\System32\NSI.dll
0x00007ffd86030000 - 0x00007ffd86047000 	C:\WINDOWS\SYSTEM32\dhcpcsvc6.DLL
0x00007ffd85d90000 - 0x00007ffd85dad000 	C:\WINDOWS\SYSTEM32\dhcpcsvc.DLL
0x00007ffd8cf30000 - 0x00007ffd8cffc000 	C:\WINDOWS\SYSTEM32\DNSAPI.dll
0x00007ffd86050000 - 0x00007ffd8605b000 	C:\WINDOWS\SYSTEM32\WINNSI.DLL

dbghelp: loaded successfully - version: 4.0.5 - missing functions: none
symbol engine: initialized successfully - sym options: 0x614 - pdb path: .;C:\Program Files\Java\jdk-14.0.2\bin;C:\WINDOWS\SYSTEM32;C:\WINDOWS\WinSxS\amd64_microsoft.windows.common-controls_6595b64144ccf1df_6.0.19041.844_none_ca00b6081b84eb1d;C:\Program Files\Java\jdk-14.0.2\bin\server;C:\Users\saili\.gradle\native\fdc75f09e3144964f2cf3f50f0aa648679c211496f362492102eb8c894070792\windows-amd64;C:\Users\saili\.gradle\native\12488b8bf47d2d4c9fbf2f6322a914ad602e24e48041cd04a747c6da556b65c4\windows-amd64

VM Arguments:
jvm_args: --add-opens=java.base/java.util=ALL-UNNAMED --add-opens=java.base/java.lang=ALL-UNNAMED --add-opens=java.base/java.lang.invoke=ALL-UNNAMED --add-opens=java.prefs/java.util.prefs=ALL-UNNAMED -XX:MaxMetaspaceSize=256m -XX:+HeapDumpOnOutOfMemoryError -Xms256m -Xmx512m -Dfile.encoding=UTF-8 -Duser.country=KR -Duser.language=ko -Duser.variant 
java_command: org.gradle.launcher.daemon.bootstrap.GradleDaemon 6.8.3
java_class_path (initial): C:\Users\saili\.gradle\wrapper\dists\gradle-6.8.3-bin\7ykxq50lst7lb7wx1nijpicxn\gradle-6.8.3\lib\gradle-launcher-6.8.3.jar
Launcher Type: SUN_STANDARD

[Global flags]
     intx CICompilerCount                          = 3                                         {product} {ergonomic}
   size_t CompressedClassSpaceSize                 = 260046848                                 {product} {ergonomic}
     uint ConcGCThreads                            = 1                                         {product} {ergonomic}
     uint G1ConcRefinementThreads                  = 4                                         {product} {ergonomic}
   size_t G1HeapRegionSize                         = 1048576                                   {product} {ergonomic}
    uintx GCDrainStackTargetSize                   = 64                                        {product} {ergonomic}
     bool HeapDumpOnOutOfMemoryError               = true                                   {manageable} {command line}
   size_t InitialHeapSize                          = 268435456                                 {product} {command line}
   size_t MarkStackSize                            = 4194304                                   {product} {ergonomic}
   size_t MaxHeapSize                              = 536870912                                 {product} {command line}
   size_t MaxMetaspaceSize                         = 268435456                                 {product} {command line}
   size_t MaxNewSize                               = 321912832                                 {product} {ergonomic}
   size_t MinHeapDeltaBytes                        = 1048576                                   {product} {ergonomic}
   size_t MinHeapSize                              = 268435456                                 {product} {command line}
    uintx NonNMethodCodeHeapSize                   = 5832780                                {pd product} {ergonomic}
    uintx NonProfiledCodeHeapSize                  = 122912730                              {pd product} {ergonomic}
    uintx ProfiledCodeHeapSize                     = 122912730                              {pd product} {ergonomic}
    uintx ReservedCodeCacheSize                    = 251658240                              {pd product} {ergonomic}
     bool SegmentedCodeCache                       = true                                      {product} {ergonomic}
   size_t SoftMaxHeapSize                          = 536870912                              {manageable} {ergonomic}
     bool UseCompressedClassPointers               = true                                 {lp64_product} {ergonomic}
     bool UseCompressedOops                        = true                                 {lp64_product} {ergonomic}
     bool UseG1GC                                  = true                                      {product} {ergonomic}
     bool UseLargePagesIndividualAllocation        = false                                  {pd product} {ergonomic}

Logging:
Log output configuration:
 #0: stdout all=warning uptime,level,tags
 #1: stderr all=off uptime,level,tags

Environment Variables:
PATH=C:\Program Files (x86)\VMware\VMware Workstation\bin\;C:\Python38\Scripts\;C:\Python38\;C:\app\saili\product\11.2.0\dbhome_1\bin;C:\WINDOWS\system32;C:\WINDOWS;C:\WINDOWS\System32\Wbem;C:\WINDOWS\System32\WindowsPowerShell\v1.0\;C:\WINDOWS\System32\OpenSSH\;C:\Program Files\Java\jdk-11.0.6\bin;C:\Program Files\Git\cmd;C:\Program Files\nodejs\;C:\ProgramData\chocolatey\bin;C:\Program Files (x86)\Yarn\bin\;C:\Program Files (x86)\Vim\vim82\;C:\HashiCorp\Vagrant\bin;C:\Program Files\OpenSSL-Win64\bin;;C:\Program Files\Docker\Docker\resources\bin;C:\ProgramData\DockerDesktop\version-bin;C:\Program Files\PuTTY\;C:\Users\saili\AppData\Local\Programs\Python\Python39\Scripts\;C:\Users\saili\AppData\Local\Programs\Python\Python39\;C:\Users\saili\AppData\Local\Microsoft\WindowsApps;C:\MinGW\bin;C:\Program Files\JetBrains\IntelliJ IDEA Community Edition 2020.1.1\bin;C:\Users\saili\AppData\Roaming\npm;C:\Users\saili\AppData\Local\Yarn\bin;C:\Program Files\JetBrains\PyCharm Community Edition 2020.2.1\bin;C:\Users\saili\AppData\Local\Programs\Microsoft VS Code\bin
USERNAME=saili
OS=Windows_NT
PROCESSOR_IDENTIFIER=Intel64 Family 6 Model 142 Stepping 10, GenuineIntel



---------------  S Y S T E M  ---------------

OS: Windows 10 , 64 bit Build 19041 (10.0.19041.928)
OS uptime: 10 days 12:22 hours
HyperV virtualization detected

CPU:total 4 (initial active 4) (2 cores per cpu, 2 threads per core) family 6 model 142 stepping 10, cmov, cx8, fxsr, mmx, sse, sse2, sse3, ssse3, sse4.1, sse4.2, popcnt, avx, avx2, aes, clmul, erms, 3dnowpref, lzcnt, ht, tsc, tscinvbit, bmi1, bmi2, adx, fma

Memory: 4k page, system-wide physical 7833M (239M free)
TotalPageFile size 31385M (AvailPageFile size 26M)
current process WorkingSet (physical memory assigned to process): 356M, peak: 358M
current process commit charge ("private bytes"): 460M, peak: 461M

vm_info: OpenJDK 64-Bit Server VM (14.0.2+12-46) for windows-amd64 JRE (14.0.2+12-46), built on Jul  9 2020 00:31:16 by "mach5one" with MS VC++ 15.9 (VS2017)

END.
